Started GET "/authors" for ::1 at 2024-07-09 14:54:17 -0600
  [1m[36mActiveRecord::SchemaMigration Load (1.9ms)[0m  [1m[34mSELECT "schema_migrations"."version" FROM "schema_migrations" ORDER BY "schema_migrations"."version" ASC[0m
Processing by AuthorsController#index as HTML
  Rendering layout layouts/application.html.erb
  Rendering authors/index.html.erb within layouts/application
  [1m[36mAuthor Load (0.8ms)[0m  [1m[34mSELECT "authors".* FROM "authors"[0m
  ↳ app/views/authors/index.html.erb:1
  Rendered authors/index.html.erb within layouts/application (Duration: 41.5ms | Allocations: 13513)
  Rendered layout layouts/application.html.erb (Duration: 138.4ms | Allocations: 110974)
Completed 200 OK in 167ms (Views: 116.1ms | ActiveRecord: 26.1ms | Allocations: 127903)


Started GET "/authors/1" for ::1 at 2024-07-09 14:54:30 -0600
Processing by AuthorsController#show as HTML
  Parameters: {"id"=>"1"}
  [1m[36mAuthor Load (2.9ms)[0m  [1m[34mSELECT "authors".* FROM "authors" WHERE "authors"."id" = $1 LIMIT $2[0m  [["id", 1], ["LIMIT", 1]]
  ↳ app/controllers/authors_controller.rb:8:in `show'
  Rendering layout layouts/application.html.erb
  Rendering authors/show.html.erb within layouts/application
  Rendered authors/show.html.erb within layouts/application (Duration: 0.7ms | Allocations: 119)
  Rendered layout layouts/application.html.erb (Duration: 9.9ms | Allocations: 4060)
Completed 200 OK in 80ms (Views: 10.6ms | ActiveRecord: 5.7ms | Allocations: 7077)


Started GET "/authors/1" for ::1 at 2024-07-09 14:55:55 -0600
  [1m[36mActiveRecord::SchemaMigration Load (0.4ms)[0m  [1m[34mSELECT "schema_migrations"."version" FROM "schema_migrations" ORDER BY "schema_migrations"."version" ASC[0m
Processing by AuthorsController#show as HTML
  Parameters: {"id"=>"1"}
  [1m[36mAuthor Load (0.4ms)[0m  [1m[34mSELECT "authors".* FROM "authors" WHERE "authors"."id" = $1 LIMIT $2[0m  [["id", 1], ["LIMIT", 1]]
  ↳ app/controllers/authors_controller.rb:8:in `show'
  Rendering layout layouts/application.html.erb
  Rendering authors/show.html.erb within layouts/application
  Rendered authors/show.html.erb within layouts/application (Duration: 1.6ms | Allocations: 2323)
  Rendered layout layouts/application.html.erb (Duration: 1.7ms | Allocations: 2449)
Completed 500 Internal Server Error in 33ms (ActiveRecord: 10.6ms | Allocations: 27982)


  
ActionView::Template::Error (undefined local variable or method `author' for #<ActionView::Base:0x0000000000ad98>):
    1: <h1>Author Details</h1>
    2: <p>Name: <%= author.name %></p>
    3: <p>Age: <%= author.age %></p>
    4: <p>Deceased: <%= author.deceased %></p>
    5: 
  
app/views/authors/show.html.erb:2
Started GET "/authors/1" for ::1 at 2024-07-09 14:56:48 -0600
Processing by AuthorsController#show as HTML
  Parameters: {"id"=>"1"}
  [1m[36mAuthor Load (0.1ms)[0m  [1m[34mSELECT "authors".* FROM "authors" WHERE "authors"."id" = $1 LIMIT $2[0m  [["id", 1], ["LIMIT", 1]]
  ↳ app/controllers/authors_controller.rb:8:in `show'
  Rendering layout layouts/application.html.erb
  Rendering authors/show.html.erb within layouts/application
  Rendered authors/show.html.erb within layouts/application (Duration: 0.4ms | Allocations: 1050)
  Rendered layout layouts/application.html.erb (Duration: 0.4ms | Allocations: 1142)
Completed 500 Internal Server Error in 13ms (ActiveRecord: 7.4ms | Allocations: 6764)


  
ActionView::Template::Error (undefined local variable or method `author' for #<ActionView::Base:0x0000000000e588>):
    1: <h1>Author Details</h1>
    2: <p>Name: <%= author.name %></p>
    3: <p>Age: <%= author.age %></p>
    4: <p>Deceased: <%= author.deceased %></p>
  
app/views/authors/show.html.erb:2
Started GET "/authors/1" for ::1 at 2024-07-09 14:56:57 -0600
  [1m[36mActiveRecord::SchemaMigration Load (1.0ms)[0m  [1m[34mSELECT "schema_migrations"."version" FROM "schema_migrations" ORDER BY "schema_migrations"."version" ASC[0m
Processing by AuthorsController#show as HTML
  Parameters: {"id"=>"1"}
  [1m[36mAuthor Load (0.4ms)[0m  [1m[34mSELECT "authors".* FROM "authors" WHERE "authors"."id" = $1 LIMIT $2[0m  [["id", 1], ["LIMIT", 1]]
  ↳ app/controllers/authors_controller.rb:8:in `show'
  Rendering layout layouts/application.html.erb
  Rendering authors/show.html.erb within layouts/application
  Rendered authors/show.html.erb within layouts/application (Duration: 0.8ms | Allocations: 1503)
  Rendered layout layouts/application.html.erb (Duration: 0.9ms | Allocations: 1629)
Completed 500 Internal Server Error in 49ms (ActiveRecord: 11.9ms | Allocations: 27167)


  
ActionView::Template::Error (undefined local variable or method `author' for #<ActionView::Base:0x0000000000ad98>):
    1: <h1>Author Details</h1>
    2: <p>Name: <%= author.name %></p>
    3: <p>Age: <%= author.age %></p>
    4: <p>Deceased: <%= author.deceased %></p>
  
app/views/authors/show.html.erb:2
  [1m[36mActiveRecord::SchemaMigration Load (0.8ms)[0m  [1m[34mSELECT "schema_migrations"."version" FROM "schema_migrations" ORDER BY "schema_migrations"."version" ASC[0m
  [1m[35m (0.1ms)[0m  [1m[34mSELECT pg_try_advisory_lock(3565968528720403785)[0m
  [1m[36mActiveRecord::SchemaMigration Load (0.8ms)[0m  [1m[34mSELECT "schema_migrations"."version" FROM "schema_migrations" ORDER BY "schema_migrations"."version" ASC[0m
  [1m[36mActiveRecord::InternalMetadata Load (0.8ms)[0m  [1m[34mSELECT * FROM "ar_internal_metadata" WHERE "ar_internal_metadata"."key" = $1 ORDER BY "ar_internal_metadata"."key" ASC LIMIT 1[0m  [[nil, "environment"]]
Migrating to CreateAuthors (20240706184254)
  [1m[36mTRANSACTION (0.1ms)[0m  [1m[35mBEGIN[0m
  [1m[35m (10.6ms)[0m  [1m[35mCREATE TABLE "authors" ("id" bigserial primary key, "name" character varying, "age" integer, "deceased" boolean DEFAULT FALSE, "created_at" timestamp(6) NOT NULL, "updated_at" timestamp(6) NOT NULL)[0m
  [1m[36mActiveRecord::SchemaMigration Create (0.2ms)[0m  [1m[32mINSERT INTO "schema_migrations" ("version") VALUES ('20240706184254') RETURNING "version"[0m
  [1m[36mTRANSACTION (0.6ms)[0m  [1m[35mCOMMIT[0m
Migrating to CreateBooks (20240706192345)
  [1m[36mTRANSACTION (1.3ms)[0m  [1m[35mBEGIN[0m
  [1m[35m (8.8ms)[0m  [1m[35mCREATE TABLE "books" ("id" bigserial primary key, "title" character varying, "genre" character varying, "is_published" boolean, "publication_year" integer, "author_id" bigint NOT NULL, "created_at" timestamp(6) NOT NULL, "updated_at" timestamp(6) NOT NULL, CONSTRAINT "fk_rails_53d51ce16a"
FOREIGN KEY ("author_id")
  REFERENCES "authors" ("id")
)[0m
  [1m[35m (0.8ms)[0m  [1m[35mCREATE INDEX "index_books_on_author_id" ON "books" ("author_id")[0m
  [1m[36mActiveRecord::SchemaMigration Create (0.1ms)[0m  [1m[32mINSERT INTO "schema_migrations" ("version") VALUES ('20240706192345') RETURNING "version"[0m
  [1m[36mTRANSACTION (0.1ms)[0m  [1m[35mCOMMIT[0m
  [1m[35m (0.2ms)[0m  [1m[34mSELECT pg_advisory_unlock(3565968528720403785)[0m
  [1m[36mActiveRecord::SchemaMigration Load (0.1ms)[0m  [1m[34mSELECT "schema_migrations"."version" FROM "schema_migrations" ORDER BY "schema_migrations"."version" ASC[0m
  [1m[36mActiveRecord::SchemaMigration Load (0.4ms)[0m  [1m[34mSELECT "schema_migrations"."version" FROM "schema_migrations" ORDER BY "schema_migrations"."version" ASC[0m
  [1m[36mActiveRecord::SchemaMigration Load (0.5ms)[0m  [1m[34mSELECT "schema_migrations"."version" FROM "schema_migrations" ORDER BY "schema_migrations"."version" ASC[0m
  [1m[36mAuthor Load (0.8ms)[0m  [1m[34mSELECT "authors".* FROM "authors" WHERE "authors"."name" = $1 AND "authors"."deceased" = $2 AND "authors"."age" = $3 LIMIT $4[0m  [["name", "Brandon Sanderson"], ["deceased", false], ["age", 47], ["LIMIT", 1]]
  [1m[36mTRANSACTION (0.1ms)[0m  [1m[35mBEGIN[0m
  [1m[36mAuthor Create (0.7ms)[0m  [1m[32mINSERT INTO "authors" ("name", "age", "deceased", "created_at", "updated_at") VALUES ($1, $2, $3, $4, $5) RETURNING "id"[0m  [["name", "Brandon Sanderson"], ["age", 47], ["deceased", false], ["created_at", "2024-07-10 12:53:48.897108"], ["updated_at", "2024-07-10 12:53:48.897108"]]
  [1m[36mTRANSACTION (0.6ms)[0m  [1m[35mCOMMIT[0m
  [1m[36mAuthor Load (0.1ms)[0m  [1m[34mSELECT "authors".* FROM "authors" WHERE "authors"."name" = $1 AND "authors"."deceased" = $2 AND "authors"."age" = $3 LIMIT $4[0m  [["name", "Robert Jordan"], ["deceased", false], ["age", 56], ["LIMIT", 1]]
  [1m[36mTRANSACTION (0.0ms)[0m  [1m[35mBEGIN[0m
  [1m[36mAuthor Create (0.5ms)[0m  [1m[32mINSERT INTO "authors" ("name", "age", "deceased", "created_at", "updated_at") VALUES ($1, $2, $3, $4, $5) RETURNING "id"[0m  [["name", "Robert Jordan"], ["age", 56], ["deceased", false], ["created_at", "2024-07-10 12:53:48.899723"], ["updated_at", "2024-07-10 12:53:48.899723"]]
  [1m[36mTRANSACTION (0.2ms)[0m  [1m[35mCOMMIT[0m
  [1m[36mTRANSACTION (0.0ms)[0m  [1m[35mBEGIN[0m
  [1m[36mBook Create (2.5ms)[0m  [1m[32mINSERT INTO "books" ("title", "genre", "is_published", "publication_year", "author_id", "created_at", "updated_at") VALUES ($1, $2, $3, $4, $5, $6, $7) RETURNING "id"[0m  [["title", "The Way of Kings"], ["genre", "Fantasy"], ["is_published", true], ["publication_year", 2010], ["author_id", 1], ["created_at", "2024-07-10 12:53:48.917027"], ["updated_at", "2024-07-10 12:53:48.917027"]]
  [1m[36mTRANSACTION (0.2ms)[0m  [1m[35mCOMMIT[0m
  [1m[36mTRANSACTION (0.0ms)[0m  [1m[35mBEGIN[0m
  [1m[36mBook Create (0.7ms)[0m  [1m[32mINSERT INTO "books" ("title", "genre", "is_published", "publication_year", "author_id", "created_at", "updated_at") VALUES ($1, $2, $3, $4, $5, $6, $7) RETURNING "id"[0m  [["title", "The Eye of the World"], ["genre", "Fantasy"], ["is_published", true], ["publication_year", 1990], ["author_id", 2], ["created_at", "2024-07-10 12:53:48.920368"], ["updated_at", "2024-07-10 12:53:48.920368"]]
  [1m[36mTRANSACTION (0.2ms)[0m  [1m[35mCOMMIT[0m
Started GET "/authors" for ::1 at 2024-07-10 07:02:32 -0600
  [1m[36mActiveRecord::SchemaMigration Load (0.5ms)[0m  [1m[34mSELECT "schema_migrations"."version" FROM "schema_migrations" ORDER BY "schema_migrations"."version" ASC[0m
Processing by AuthorsController#index as HTML
  Rendering layout layouts/application.html.erb
  Rendering authors/index.html.erb within layouts/application
  [1m[36mAuthor Load (0.4ms)[0m  [1m[34mSELECT "authors".* FROM "authors"[0m
  ↳ app/views/authors/index.html.erb:4
  Rendered authors/index.html.erb within layouts/application (Duration: 34.8ms | Allocations: 13142)
  Rendered layout layouts/application.html.erb (Duration: 88.8ms | Allocations: 48210)
Completed 200 OK in 103ms (Views: 79.0ms | ActiveRecord: 11.9ms | Allocations: 59228)


Started GET "/books/a" for ::1 at 2024-07-10 07:02:49 -0600
Processing by BooksController#show as HTML
  Parameters: {"id"=>"a"}
  [1m[36mBook Load (0.6ms)[0m  [1m[34mSELECT "books".* FROM "books" WHERE "books"."id" = $1 LIMIT $2[0m  [["id", nil], ["LIMIT", 1]]
  ↳ app/controllers/books_controller.rb:7:in `show'
Completed 404 Not Found in 66ms (ActiveRecord: 47.7ms | Allocations: 4213)


  
ActiveRecord::RecordNotFound (Couldn't find Book with 'id'=a):
  
app/controllers/books_controller.rb:7:in `show'
Started GET "/books/1" for ::1 at 2024-07-10 07:02:51 -0600
Processing by BooksController#show as HTML
  Parameters: {"id"=>"1"}
  [1m[36mBook Load (0.3ms)[0m  [1m[34mSELECT "books".* FROM "books" WHERE "books"."id" = $1 LIMIT $2[0m  [["id", 1], ["LIMIT", 1]]
  ↳ app/controllers/books_controller.rb:7:in `show'
  Rendering layout layouts/application.html.erb
  Rendering books/show.html.erb within layouts/application
  Rendered books/show.html.erb within layouts/application (Duration: 0.4ms | Allocations: 181)
  Rendered layout layouts/application.html.erb (Duration: 2.5ms | Allocations: 1601)
Completed 200 OK in 16ms (Views: 3.4ms | ActiveRecord: 0.3ms | Allocations: 9816)


Started GET "/books/2" for ::1 at 2024-07-10 07:02:55 -0600
Processing by BooksController#show as HTML
  Parameters: {"id"=>"2"}
  [1m[36mBook Load (1.0ms)[0m  [1m[34mSELECT "books".* FROM "books" WHERE "books"."id" = $1 LIMIT $2[0m  [["id", 2], ["LIMIT", 1]]
  ↳ app/controllers/books_controller.rb:7:in `show'
  Rendering layout layouts/application.html.erb
  Rendering books/show.html.erb within layouts/application
  Rendered books/show.html.erb within layouts/application (Duration: 0.1ms | Allocations: 16)
  Rendered layout layouts/application.html.erb (Duration: 4.4ms | Allocations: 1406)
Completed 200 OK in 9ms (Views: 5.1ms | ActiveRecord: 1.0ms | Allocations: 2076)


  [1m[36mActiveRecord::SchemaMigration Load (3.0ms)[0m  [1m[34mSELECT "schema_migrations"."version" FROM "schema_migrations" ORDER BY "schema_migrations"."version" ASC[0m
  [1m[36mAuthor Load (0.9ms)[0m  [1m[34mSELECT "authors".* FROM "authors" WHERE "authors"."name" = $1 AND "authors"."deceased" = $2 AND "authors"."age" = $3 LIMIT $4[0m  [["name", "Brandon Sanderson"], ["deceased", false], ["age", 47], ["LIMIT", 1]]
  [1m[36mAuthor Load (0.2ms)[0m  [1m[34mSELECT "authors".* FROM "authors" WHERE "authors"."name" = $1 AND "authors"."deceased" = $2 AND "authors"."age" = $3 LIMIT $4[0m  [["name", "Robert Jordan"], ["deceased", false], ["age", 56], ["LIMIT", 1]]
  [1m[36mActiveRecord::SchemaMigration Load (0.7ms)[0m  [1m[34mSELECT "schema_migrations"."version" FROM "schema_migrations" ORDER BY "schema_migrations"."version" ASC[0m
  [1m[36mAuthor Load (0.4ms)[0m  [1m[34mSELECT "authors".* FROM "authors" WHERE "authors"."name" = $1 AND "authors"."deceased" = $2 AND "authors"."age" = $3 LIMIT $4[0m  [["name", "Brandon Sanderson"], ["deceased", false], ["age", 47], ["LIMIT", 1]]
  [1m[36mAuthor Load (0.2ms)[0m  [1m[34mSELECT "authors".* FROM "authors" WHERE "authors"."name" = $1 AND "authors"."deceased" = $2 AND "authors"."age" = $3 LIMIT $4[0m  [["name", "Robert Jordan"], ["deceased", false], ["age", 56], ["LIMIT", 1]]
  [1m[36mTRANSACTION (0.1ms)[0m  [1m[35mBEGIN[0m
  [1m[36mBook Create (3.1ms)[0m  [1m[32mINSERT INTO "books" ("title", "genre", "is_published", "publication_year", "author_id", "created_at", "updated_at") VALUES ($1, $2, $3, $4, $5, $6, $7) RETURNING "id"[0m  [["title", "The Way of Kings"], ["genre", "Fantasy"], ["is_published", true], ["publication_year", 2010], ["author_id", 1], ["created_at", "2024-07-10 14:07:15.726944"], ["updated_at", "2024-07-10 14:07:15.726944"]]
  [1m[36mTRANSACTION (1.0ms)[0m  [1m[35mCOMMIT[0m
  [1m[36mTRANSACTION (0.0ms)[0m  [1m[35mBEGIN[0m
  [1m[36mBook Create (0.7ms)[0m  [1m[32mINSERT INTO "books" ("title", "genre", "is_published", "publication_year", "author_id", "created_at", "updated_at") VALUES ($1, $2, $3, $4, $5, $6, $7) RETURNING "id"[0m  [["title", "The Eye of the World"], ["genre", "Fantasy"], ["is_published", true], ["publication_year", 1990], ["author_id", 2], ["created_at", "2024-07-10 14:07:15.732076"], ["updated_at", "2024-07-10 14:07:15.732076"]]
  [1m[36mTRANSACTION (0.1ms)[0m  [1m[35mCOMMIT[0m
Started GET "/authors" for ::1 at 2024-07-10 08:09:41 -0600
  [1m[36mActiveRecord::SchemaMigration Load (1.1ms)[0m  [1m[34mSELECT "schema_migrations"."version" FROM "schema_migrations" ORDER BY "schema_migrations"."version" ASC[0m
Processing by AuthorsController#index as HTML
  Rendering layout layouts/application.html.erb
  Rendering authors/index.html.erb within layouts/application
  [1m[36mAuthor Load (0.4ms)[0m  [1m[34mSELECT "authors".* FROM "authors"[0m
  ↳ app/views/authors/index.html.erb:4
  Rendered authors/index.html.erb within layouts/application (Duration: 16.9ms | Allocations: 13142)
  Rendered layout layouts/application.html.erb (Duration: 41.0ms | Allocations: 47172)
Completed 200 OK in 55ms (Views: 35.1ms | ActiveRecord: 7.3ms | Allocations: 58190)


Started GET "/authors/1" for ::1 at 2024-07-10 08:09:57 -0600
Processing by AuthorsController#show as HTML
  Parameters: {"id"=>"1"}
  [1m[36mAuthor Load (0.3ms)[0m  [1m[34mSELECT "authors".* FROM "authors" WHERE "authors"."id" = $1 LIMIT $2[0m  [["id", 1], ["LIMIT", 1]]
  ↳ app/controllers/authors_controller.rb:7:in `show'
  Rendering layout layouts/application.html.erb
  Rendering authors/show.html.erb within layouts/application
  [1m[36mBook Exists? (0.8ms)[0m  [1m[34mSELECT 1 AS one FROM "books" WHERE "books"."author_id" = $1 LIMIT $2[0m  [["author_id", 1], ["LIMIT", 1]]
  ↳ app/views/authors/show.html.erb:7
  [1m[36mBook Load (0.3ms)[0m  [1m[34mSELECT "books".* FROM "books" WHERE "books"."author_id" = $1[0m  [["author_id", 1]]
  ↳ app/views/authors/show.html.erb:10
  Rendered authors/show.html.erb within layouts/application (Duration: 12.8ms | Allocations: 12090)
  Rendered layout layouts/application.html.erb (Duration: 15.2ms | Allocations: 13500)
Completed 200 OK in 77ms (Views: 13.4ms | ActiveRecord: 16.1ms | Allocations: 20226)


Started GET "/authors/1/books" for ::1 at 2024-07-10 08:10:01 -0600
  
ActionController::RoutingError (No route matches [GET] "/authors/1/books"):
  
Started GET "/authors/1/books" for ::1 at 2024-07-10 08:10:01 -0600
  
ActionController::RoutingError (No route matches [GET] "/authors/1/books"):
  
Started GET "/authors/1/books" for ::1 at 2024-07-10 08:11:12 -0600
  [1m[36mActiveRecord::SchemaMigration Load (12.5ms)[0m  [1m[34mSELECT "schema_migrations"."version" FROM "schema_migrations" ORDER BY "schema_migrations"."version" ASC[0m
  
ActionController::RoutingError (No route matches [GET] "/authors/1/books"):
  
Started GET "/authors/1/books" for ::1 at 2024-07-10 08:16:28 -0600
  [1m[36mActiveRecord::SchemaMigration Load (1.0ms)[0m  [1m[34mSELECT "schema_migrations"."version" FROM "schema_migrations" ORDER BY "schema_migrations"."version" ASC[0m
  
ActionController::RoutingError (No route matches [GET] "/authors/1/books"):
  
Started GET "/authors/1/books" for ::1 at 2024-07-10 08:16:30 -0600
  
ActionController::RoutingError (No route matches [GET] "/authors/1/books"):
  
Started GET "/authors/1" for ::1 at 2024-07-10 08:23:05 -0600
  [1m[36mActiveRecord::SchemaMigration Load (0.4ms)[0m  [1m[34mSELECT "schema_migrations"."version" FROM "schema_migrations" ORDER BY "schema_migrations"."version" ASC[0m
Processing by AuthorsController#show as HTML
  Parameters: {"id"=>"1"}
  [1m[36mAuthor Load (0.3ms)[0m  [1m[34mSELECT "authors".* FROM "authors" WHERE "authors"."id" = $1 LIMIT $2[0m  [["id", 1], ["LIMIT", 1]]
  ↳ app/controllers/authors_controller.rb:7:in `show'
  Rendering layout layouts/application.html.erb
  Rendering authors/show.html.erb within layouts/application
  [1m[36mBook Exists? (0.6ms)[0m  [1m[34mSELECT 1 AS one FROM "books" WHERE "books"."author_id" = $1 LIMIT $2[0m  [["author_id", 1], ["LIMIT", 1]]
  ↳ app/views/authors/show.html.erb:7
  [1m[36mBook Load (2.3ms)[0m  [1m[34mSELECT "books".* FROM "books" WHERE "books"."author_id" = $1[0m  [["author_id", 1]]
  ↳ app/views/authors/show.html.erb:10
  Rendered authors/show.html.erb within layouts/application (Duration: 10.1ms | Allocations: 11547)
  Rendered layout layouts/application.html.erb (Duration: 38.1ms | Allocations: 45199)
Completed 200 OK in 95ms (Views: 36.5ms | ActiveRecord: 27.8ms | Allocations: 73147)


Started GET "/authors/1/books" for ::1 at 2024-07-10 08:23:15 -0600
Processing by BooksController#index as HTML
  Parameters: {"author_id"=>"1"}
  Rendering layout layouts/application.html.erb
  Rendering books/index.html.erb within layouts/application
  [1m[36mBook Load (22.6ms)[0m  [1m[34mSELECT "books".* FROM "books"[0m
  ↳ app/views/books/index.html.erb:2
  Rendered books/index.html.erb within layouts/application (Duration: 26.7ms | Allocations: 767)
  Rendered layout layouts/application.html.erb (Duration: 39.7ms | Allocations: 2191)
Completed 200 OK in 43ms (Views: 19.3ms | ActiveRecord: 22.5ms | Allocations: 2660)


Started GET "/authors/1/books" for ::1 at 2024-07-10 08:31:39 -0600
  [1m[36mActiveRecord::SchemaMigration Load (1.9ms)[0m  [1m[34mSELECT "schema_migrations"."version" FROM "schema_migrations" ORDER BY "schema_migrations"."version" ASC[0m
Processing by BooksController#index as HTML
  Parameters: {"author_id"=>"1"}
  Rendering layout layouts/application.html.erb
  Rendering books/index.html.erb within layouts/application
  [1m[36mBook Load (1.1ms)[0m  [1m[34mSELECT "books".* FROM "books"[0m
  ↳ app/views/books/index.html.erb:2
  Rendered books/index.html.erb within layouts/application (Duration: 38.3ms | Allocations: 15669)
  Rendered layout layouts/application.html.erb (Duration: 67.3ms | Allocations: 49448)
Completed 200 OK in 82ms (Views: 53.1ms | ActiveRecord: 15.9ms | Allocations: 60441)


Started GET "/authors/1" for ::1 at 2024-07-10 08:31:47 -0600
Processing by AuthorsController#show as HTML
  Parameters: {"id"=>"1"}
  [1m[36mAuthor Load (11.7ms)[0m  [1m[34mSELECT "authors".* FROM "authors" WHERE "authors"."id" = $1 LIMIT $2[0m  [["id", 1], ["LIMIT", 1]]
  ↳ app/controllers/authors_controller.rb:7:in `show'
  Rendering layout layouts/application.html.erb
  Rendering authors/show.html.erb within layouts/application
  [1m[36mBook Exists? (0.2ms)[0m  [1m[34mSELECT 1 AS one FROM "books" WHERE "books"."author_id" = $1 LIMIT $2[0m  [["author_id", 1], ["LIMIT", 1]]
  ↳ app/views/authors/show.html.erb:7
  [1m[36mBook Load (7.4ms)[0m  [1m[34mSELECT "books".* FROM "books" WHERE "books"."author_id" = $1[0m  [["author_id", 1]]
  ↳ app/views/authors/show.html.erb:10
  Rendered authors/show.html.erb within layouts/application (Duration: 13.8ms | Allocations: 3646)
  Rendered layout layouts/application.html.erb (Duration: 15.8ms | Allocations: 5049)
Completed 200 OK in 126ms (Views: 8.7ms | ActiveRecord: 54.2ms | Allocations: 15473)


Started GET "/authors" for ::1 at 2024-07-10 08:31:56 -0600
Processing by AuthorsController#index as HTML
  Rendering layout layouts/application.html.erb
  Rendering authors/index.html.erb within layouts/application
  [1m[36mAuthor Load (0.9ms)[0m  [1m[34mSELECT "authors".* FROM "authors"[0m
  ↳ app/views/authors/index.html.erb:4
  Rendered authors/index.html.erb within layouts/application (Duration: 11.4ms | Allocations: 2069)
  Rendered layout layouts/application.html.erb (Duration: 11.7ms | Allocations: 2160)
Completed 500 Internal Server Error in 14ms (ActiveRecord: 0.8ms | Allocations: 2497)


  
ActionView::Template::Error (undefined method `created_at' for nil:NilClass):
     5:     <li>Name: <%= author.name %></li>
     6:     <li>Deceased?:<%= author.deceased %></li>
     7:     <li>Age: <%= author.age %></li>
     8:     <li>Created at: <%= @artists.created_at %></li>
     9:     <li>Updated at : <%= @artists.updated_at %></li>
    10:     
    11:   <% end %>
  
app/views/authors/index.html.erb:8
app/views/authors/index.html.erb:4
Started GET "/authors" for ::1 at 2024-07-10 08:32:45 -0600
  [1m[36mActiveRecord::SchemaMigration Load (1.1ms)[0m  [1m[34mSELECT "schema_migrations"."version" FROM "schema_migrations" ORDER BY "schema_migrations"."version" ASC[0m
Processing by AuthorsController#index as HTML
  Rendering layout layouts/application.html.erb
  Rendering authors/index.html.erb within layouts/application
  Rendered authors/index.html.erb within layouts/application (Duration: 1.1ms | Allocations: 1573)
  Rendered layout layouts/application.html.erb (Duration: 1.2ms | Allocations: 1699)
Completed 500 Internal Server Error in 14ms (ActiveRecord: 0.0ms | Allocations: 12675)


  
ActionView::Template::Error (undefined local variable or method `author' for #<ActionView::Base:0x0000000000c6c0>):
    1: <ul>
    2:   <li>Name: <%= author.name %></li>
    3:   <li>Deceased?: <%= author.deceased ? 'Yes' : 'No' %></li>
    4:   <li>Age: <%= author.age %></li>
    5:   <li>Created at: <%= author.created_at %></li>
  
app/views/authors/index.html.erb:2
Started GET "/authors" for ::1 at 2024-07-10 08:33:14 -0600
  [1m[36mActiveRecord::SchemaMigration Load (0.8ms)[0m  [1m[34mSELECT "schema_migrations"."version" FROM "schema_migrations" ORDER BY "schema_migrations"."version" ASC[0m
Processing by AuthorsController#index as HTML
  Rendering layout layouts/application.html.erb
  Rendering authors/index.html.erb within layouts/application
  Rendered authors/index.html.erb within layouts/application (Duration: 1.1ms | Allocations: 1570)
  Rendered layout layouts/application.html.erb (Duration: 1.2ms | Allocations: 1696)
Completed 500 Internal Server Error in 14ms (ActiveRecord: 0.0ms | Allocations: 12672)


  
ActionView::Template::Error (undefined method `name' for nil:NilClass):
    1: <ul>
    2:   <li>Name: <%= @author.name %></li>
    3:   <li>Deceased?: <%= @author.deceased ? 'Yes' : 'No' %></li>
    4:   <li>Age: <%= @author.age %></li>
    5:   <li>Created at: <%= @author.created_at %></li>
  
app/views/authors/index.html.erb:2
Started GET "/authors" for ::1 at 2024-07-10 08:33:30 -0600
  [1m[36mActiveRecord::SchemaMigration Load (0.8ms)[0m  [1m[34mSELECT "schema_migrations"."version" FROM "schema_migrations" ORDER BY "schema_migrations"."version" ASC[0m
Processing by AuthorsController#index as HTML
  Rendering layout layouts/application.html.erb
  Rendering authors/index.html.erb within layouts/application
  Rendered authors/index.html.erb within layouts/application (Duration: 1.4ms | Allocations: 1570)
  Rendered layout layouts/application.html.erb (Duration: 1.5ms | Allocations: 1696)
Completed 500 Internal Server Error in 16ms (ActiveRecord: 0.0ms | Allocations: 12673)


  
ActionView::Template::Error (undefined method `name' for nil:NilClass):
    1: <ul>
    2:   <li>Name: <%= @author.name %></li>
    3:   <li>Deceased?: <%= @author.deceased ? 'Yes' : 'No' %></li>
    4:   <li>Age: <%= @author.age %></li>
    5:   <li>Created at: <%= @authors.created_at %></li>
  
app/views/authors/index.html.erb:2
Started GET "/authors" for ::1 at 2024-07-10 08:38:38 -0600
  [1m[36mActiveRecord::SchemaMigration Load (0.6ms)[0m  [1m[34mSELECT "schema_migrations"."version" FROM "schema_migrations" ORDER BY "schema_migrations"."version" ASC[0m
Processing by AuthorsController#index as HTML
  Rendering layout layouts/application.html.erb
  Rendering authors/index.html.erb within layouts/application
  [1m[36mAuthor Load (0.7ms)[0m  [1m[34mSELECT "authors".* FROM "authors"[0m
  ↳ app/views/authors/index.html.erb:2
  Rendered authors/index.html.erb within layouts/application (Duration: 17.4ms | Allocations: 13324)
  Rendered layout layouts/application.html.erb (Duration: 52.8ms | Allocations: 47498)
Completed 200 OK in 66ms (Views: 45.9ms | ActiveRecord: 8.7ms | Allocations: 58516)


Started GET "/authors" for ::1 at 2024-07-10 08:39:57 -0600
  [1m[36mActiveRecord::SchemaMigration Load (0.7ms)[0m  [1m[34mSELECT "schema_migrations"."version" FROM "schema_migrations" ORDER BY "schema_migrations"."version" ASC[0m
Processing by AuthorsController#index as HTML
  Rendering layout layouts/application.html.erb
  Rendering authors/index.html.erb within layouts/application
  [1m[36mAuthor Load (0.4ms)[0m  [1m[34mSELECT "authors".* FROM "authors"[0m
  ↳ app/views/authors/index.html.erb:2
  Rendered authors/index.html.erb within layouts/application (Duration: 29.6ms | Allocations: 13330)
  Rendered layout layouts/application.html.erb (Duration: 58.8ms | Allocations: 47237)
Completed 200 OK in 74ms (Views: 41.4ms | ActiveRecord: 19.3ms | Allocations: 58255)


Started GET "/authors/1" for ::1 at 2024-07-10 08:40:01 -0600
Processing by AuthorsController#show as HTML
  Parameters: {"id"=>"1"}
  [1m[36mAuthor Load (0.4ms)[0m  [1m[34mSELECT "authors".* FROM "authors" WHERE "authors"."id" = $1 LIMIT $2[0m  [["id", 1], ["LIMIT", 1]]
  ↳ app/controllers/authors_controller.rb:7:in `show'
  Rendering layout layouts/application.html.erb
  Rendering authors/show.html.erb within layouts/application
  [1m[36mBook Exists? (82.6ms)[0m  [1m[34mSELECT 1 AS one FROM "books" WHERE "books"."author_id" = $1 LIMIT $2[0m  [["author_id", 1], ["LIMIT", 1]]
  ↳ app/views/authors/show.html.erb:7
  [1m[36mBook Load (7.6ms)[0m  [1m[34mSELECT "books".* FROM "books" WHERE "books"."author_id" = $1[0m  [["author_id", 1]]
  ↳ app/views/authors/show.html.erb:10
  Rendered authors/show.html.erb within layouts/application (Duration: 111.7ms | Allocations: 12644)
  Rendered layout layouts/application.html.erb (Duration: 111.8ms | Allocations: 12735)
Completed 500 Internal Server Error in 265ms (ActiveRecord: 94.2ms | Allocations: 17735)


  
ActionView::Template::Error (undefined method `books' for nil:NilClass):
    13:         <p>Genre: <%= book.genre %></p>
    14:         <p>Published: <%= book.is_published? ? 'Yes' : 'No' %></p>
    15:         <p>Publication Year: <%= book.publication_year %></p>
    16:         <p>Total Songs : <%= @authors.books.count %></p>
    17:       </li>
    18:     <% end %>
    19:   </ul>
  
app/views/authors/show.html.erb:16
app/views/authors/show.html.erb:10
Started GET "/authors/1" for ::1 at 2024-07-10 08:40:02 -0600
Processing by AuthorsController#show as HTML
  Parameters: {"id"=>"1"}
  [1m[36mAuthor Load (0.1ms)[0m  [1m[34mSELECT "authors".* FROM "authors" WHERE "authors"."id" = $1 LIMIT $2[0m  [["id", 1], ["LIMIT", 1]]
  ↳ app/controllers/authors_controller.rb:7:in `show'
  Rendering layout layouts/application.html.erb
  Rendering authors/show.html.erb within layouts/application
  [1m[36mBook Exists? (0.2ms)[0m  [1m[34mSELECT 1 AS one FROM "books" WHERE "books"."author_id" = $1 LIMIT $2[0m  [["author_id", 1], ["LIMIT", 1]]
  ↳ app/views/authors/show.html.erb:7
  [1m[36mBook Load (0.1ms)[0m  [1m[34mSELECT "books".* FROM "books" WHERE "books"."author_id" = $1[0m  [["author_id", 1]]
  ↳ app/views/authors/show.html.erb:10
  Rendered authors/show.html.erb within layouts/application (Duration: 1.2ms | Allocations: 2079)
  Rendered layout layouts/application.html.erb (Duration: 1.2ms | Allocations: 2170)
Completed 500 Internal Server Error in 2ms (ActiveRecord: 0.5ms | Allocations: 2859)


  
ActionView::Template::Error (undefined method `books' for nil:NilClass):
    13:         <p>Genre: <%= book.genre %></p>
    14:         <p>Published: <%= book.is_published? ? 'Yes' : 'No' %></p>
    15:         <p>Publication Year: <%= book.publication_year %></p>
    16:         <p>Total Songs : <%= @authors.books.count %></p>
    17:       </li>
    18:     <% end %>
    19:   </ul>
  
app/views/authors/show.html.erb:16
app/views/authors/show.html.erb:10
Started GET "/authors/1" for ::1 at 2024-07-10 08:41:00 -0600
  [1m[36mActiveRecord::SchemaMigration Load (0.7ms)[0m  [1m[34mSELECT "schema_migrations"."version" FROM "schema_migrations" ORDER BY "schema_migrations"."version" ASC[0m
Processing by AuthorsController#show as HTML
  Parameters: {"id"=>"1"}
  [1m[36mAuthor Load (0.4ms)[0m  [1m[34mSELECT "authors".* FROM "authors" WHERE "authors"."id" = $1 LIMIT $2[0m  [["id", 1], ["LIMIT", 1]]
  ↳ app/controllers/authors_controller.rb:7:in `show'
  Rendering layout layouts/application.html.erb
  Rendering authors/show.html.erb within layouts/application
  [1m[36mBook Exists? (0.3ms)[0m  [1m[34mSELECT 1 AS one FROM "books" WHERE "books"."author_id" = $1 LIMIT $2[0m  [["author_id", 1], ["LIMIT", 1]]
  ↳ app/views/authors/show.html.erb:7
  [1m[36mBook Load (0.1ms)[0m  [1m[34mSELECT "books".* FROM "books" WHERE "books"."author_id" = $1[0m  [["author_id", 1]]
  ↳ app/views/authors/show.html.erb:10
  Rendered authors/show.html.erb within layouts/application (Duration: 8.8ms | Allocations: 12778)
  Rendered layout layouts/application.html.erb (Duration: 9.0ms | Allocations: 12904)
Completed 500 Internal Server Error in 50ms (ActiveRecord: 12.4ms | Allocations: 40809)


  
ActionView::Template::Error (undefined local variable or method `author' for #<ActionView::Base:0x0000000000c8a0>):
    13:         <p>Genre: <%= book.genre %></p>
    14:         <p>Published: <%= book.is_published? ? 'Yes' : 'No' %></p>
    15:         <p>Publication Year: <%= book.publication_year %></p>
    16:         <p>Total Books: <%= author.books.count %></p>
    17:       </li>
    18:     <% end %>
    19:   </ul>
  
app/views/authors/show.html.erb:16
app/views/authors/show.html.erb:10
Started GET "/authors/1" for ::1 at 2024-07-10 08:43:17 -0600
  [1m[36mActiveRecord::SchemaMigration Load (0.8ms)[0m  [1m[34mSELECT "schema_migrations"."version" FROM "schema_migrations" ORDER BY "schema_migrations"."version" ASC[0m
Processing by AuthorsController#show as HTML
  Parameters: {"id"=>"1"}
  [1m[36mAuthor Load (0.5ms)[0m  [1m[34mSELECT "authors".* FROM "authors" WHERE "authors"."id" = $1 LIMIT $2[0m  [["id", 1], ["LIMIT", 1]]
  ↳ app/controllers/authors_controller.rb:7:in `show'
  Rendering layout layouts/application.html.erb
  Rendering authors/show.html.erb within layouts/application
  [1m[36mBook Exists? (0.4ms)[0m  [1m[34mSELECT 1 AS one FROM "books" WHERE "books"."author_id" = $1 LIMIT $2[0m  [["author_id", 1], ["LIMIT", 1]]
  ↳ app/views/authors/show.html.erb:6
  [1m[36mBook Load (0.1ms)[0m  [1m[34mSELECT "books".* FROM "books" WHERE "books"."author_id" = $1[0m  [["author_id", 1]]
  ↳ app/views/authors/show.html.erb:9
  [1m[36mBook Count (2.2ms)[0m  [1m[34mSELECT COUNT(*) FROM "books" WHERE "books"."author_id" = $1[0m  [["author_id", 1]]
  ↳ app/views/authors/show.html.erb:18
  Rendered authors/show.html.erb within layouts/application (Duration: 11.4ms | Allocations: 12152)
  Rendered layout layouts/application.html.erb (Duration: 36.4ms | Allocations: 46343)
Completed 200 OK in 74ms (Views: 34.1ms | ActiveRecord: 14.3ms | Allocations: 74290)


Started GET "/authors/1" for ::1 at 2024-07-10 08:45:41 -0600
  [1m[36mActiveRecord::SchemaMigration Load (0.8ms)[0m  [1m[34mSELECT "schema_migrations"."version" FROM "schema_migrations" ORDER BY "schema_migrations"."version" ASC[0m
Processing by AuthorsController#show as HTML
  Parameters: {"id"=>"1"}
  [1m[36mAuthor Load (0.3ms)[0m  [1m[34mSELECT "authors".* FROM "authors" WHERE "authors"."id" = $1 LIMIT $2[0m  [["id", 1], ["LIMIT", 1]]
  ↳ app/controllers/authors_controller.rb:7:in `show'
  Rendering layout layouts/application.html.erb
  Rendering authors/show.html.erb within layouts/application
  [1m[36mBook Exists? (0.4ms)[0m  [1m[34mSELECT 1 AS one FROM "books" WHERE "books"."author_id" = $1 LIMIT $2[0m  [["author_id", 1], ["LIMIT", 1]]
  ↳ app/views/authors/show.html.erb:9
  [1m[36mBook Load (0.1ms)[0m  [1m[34mSELECT "books".* FROM "books" WHERE "books"."author_id" = $1[0m  [["author_id", 1]]
  ↳ app/views/authors/show.html.erb:12
  [1m[36mBook Count (10.8ms)[0m  [1m[34mSELECT COUNT(*) FROM "books" WHERE "books"."author_id" = $1[0m  [["author_id", 1]]
  ↳ app/views/authors/show.html.erb:21
  Rendered authors/show.html.erb within layouts/application (Duration: 19.8ms | Allocations: 12310)
  Rendered layout layouts/application.html.erb (Duration: 47.5ms | Allocations: 46334)
Completed 200 OK in 88ms (Views: 37.1ms | ActiveRecord: 23.6ms | Allocations: 74281)


Started GET "/authors" for ::1 at 2024-07-10 08:45:44 -0600
Processing by AuthorsController#index as HTML
  Rendering layout layouts/application.html.erb
  Rendering authors/index.html.erb within layouts/application
  [1m[36mAuthor Load (0.9ms)[0m  [1m[34mSELECT "authors".* FROM "authors"[0m
  ↳ app/views/authors/index.html.erb:5
  Rendered authors/index.html.erb within layouts/application (Duration: 5.7ms | Allocations: 921)
  Rendered layout layouts/application.html.erb (Duration: 8.6ms | Allocations: 2319)
Completed 200 OK in 11ms (Views: 8.3ms | ActiveRecord: 0.9ms | Allocations: 2642)


Started GET "/authors/1/books" for ::1 at 2024-07-10 08:45:47 -0600
Processing by BooksController#index as HTML
  Parameters: {"author_id"=>"1"}
  Rendering layout layouts/application.html.erb
  Rendering books/index.html.erb within layouts/application
  [1m[36mBook Load (0.5ms)[0m  [1m[34mSELECT "books".* FROM "books"[0m
  ↳ app/views/books/index.html.erb:5
  Rendered books/index.html.erb within layouts/application (Duration: 1.7ms | Allocations: 809)
  Rendered layout layouts/application.html.erb (Duration: 3.1ms | Allocations: 2206)
Completed 200 OK in 5ms (Views: 3.3ms | ActiveRecord: 0.5ms | Allocations: 2674)


Started GET "/authors/1/books" for ::1 at 2024-07-10 08:47:27 -0600
  [1m[36mActiveRecord::SchemaMigration Load (0.9ms)[0m  [1m[34mSELECT "schema_migrations"."version" FROM "schema_migrations" ORDER BY "schema_migrations"."version" ASC[0m
Processing by BooksController#index as HTML
  Parameters: {"author_id"=>"1"}
  Rendering layout layouts/application.html.erb
  Rendering books/index.html.erb within layouts/application
  [1m[36mBook Load (0.5ms)[0m  [1m[34mSELECT "books".* FROM "books"[0m
  ↳ app/views/books/index.html.erb:8
  Rendered books/index.html.erb within layouts/application (Duration: 21.7ms | Allocations: 15881)
  Rendered layout layouts/application.html.erb (Duration: 45.4ms | Allocations: 50088)
Completed 200 OK in 61ms (Views: 38.9ms | ActiveRecord: 10.2ms | Allocations: 61081)


Started GET "/authors/1/books" for ::1 at 2024-07-10 08:47:27 -0600
Processing by BooksController#index as HTML
  Parameters: {"author_id"=>"1"}
  Rendering layout layouts/application.html.erb
  Rendering books/index.html.erb within layouts/application
  [1m[36mBook Load (0.4ms)[0m  [1m[34mSELECT "books".* FROM "books"[0m
  ↳ app/views/books/index.html.erb:8
  Rendered books/index.html.erb within layouts/application (Duration: 2.0ms | Allocations: 563)
  Rendered layout layouts/application.html.erb (Duration: 3.8ms | Allocations: 1955)
Completed 200 OK in 5ms (Views: 3.8ms | ActiveRecord: 0.4ms | Allocations: 2213)


Started GET "/authors/1" for ::1 at 2024-07-10 08:48:58 -0600
Processing by AuthorsController#show as HTML
  Parameters: {"id"=>"1"}
  [1m[36mAuthor Load (0.4ms)[0m  [1m[34mSELECT "authors".* FROM "authors" WHERE "authors"."id" = $1 LIMIT $2[0m  [["id", 1], ["LIMIT", 1]]
  ↳ app/controllers/authors_controller.rb:7:in `show'
  Rendering layout layouts/application.html.erb
  Rendering authors/show.html.erb within layouts/application
  [1m[36mBook Exists? (0.3ms)[0m  [1m[34mSELECT 1 AS one FROM "books" WHERE "books"."author_id" = $1 LIMIT $2[0m  [["author_id", 1], ["LIMIT", 1]]
  ↳ app/views/authors/show.html.erb:12
  [1m[36mBook Load (0.2ms)[0m  [1m[34mSELECT "books".* FROM "books" WHERE "books"."author_id" = $1[0m  [["author_id", 1]]
  ↳ app/views/authors/show.html.erb:15
  [1m[36mBook Count (0.4ms)[0m  [1m[34mSELECT COUNT(*) FROM "books" WHERE "books"."author_id" = $1[0m  [["author_id", 1]]
  ↳ app/views/authors/show.html.erb:24
  Rendered authors/show.html.erb within layouts/application (Duration: 5.8ms | Allocations: 4324)
  Rendered layout layouts/application.html.erb (Duration: 7.9ms | Allocations: 5748)
Completed 200 OK in 78ms (Views: 7.5ms | ActiveRecord: 28.1ms | Allocations: 16169)


Started GET "/books" for ::1 at 2024-07-10 08:52:54 -0600
Processing by BooksController#index as HTML
  Rendering layout layouts/application.html.erb
  Rendering books/index.html.erb within layouts/application
  [1m[36mBook Load (45.2ms)[0m  [1m[34mSELECT "books".* FROM "books"[0m
  ↳ app/views/books/index.html.erb:8
  Rendered books/index.html.erb within layouts/application (Duration: 75.7ms | Allocations: 560)
  Rendered layout layouts/application.html.erb (Duration: 78.1ms | Allocations: 1970)
Completed 200 OK in 81ms (Views: 35.3ms | ActiveRecord: 45.2ms | Allocations: 2227)


Started GET "/books" for ::1 at 2024-07-10 08:53:32 -0600
Processing by BooksController#index as HTML
  Rendering layout layouts/application.html.erb
  Rendering books/index.html.erb within layouts/application
Started GET "/books" for ::1 at 2024-07-10 08:53:32 -0600
  [1m[36mBook Load (34.7ms)[0m  [1m[34mSELECT "books".* FROM "books"[0m
  ↳ app/views/books/index.html.erb:8
  Rendered books/index.html.erb within layouts/application (Duration: 46.8ms | Allocations: 1034)
  Rendered layout layouts/application.html.erb (Duration: 51.9ms | Allocations: 2513)
Completed 200 OK in 70ms (Views: 27.0ms | ActiveRecord: 34.6ms | Allocations: 2779)


Processing by BooksController#index as HTML
  Rendering layout layouts/application.html.erb
  Rendering books/index.html.erb within layouts/application
  [1m[36mBook Load (0.3ms)[0m  [1m[34mSELECT "books".* FROM "books"[0m
  ↳ app/views/books/index.html.erb:8
  Rendered books/index.html.erb within layouts/application (Duration: 1.3ms | Allocations: 554)
  Rendered layout layouts/application.html.erb (Duration: 2.8ms | Allocations: 1956)
Completed 200 OK in 3ms (Views: 2.8ms | ActiveRecord: 0.3ms | Allocations: 2206)


Started GET "/authors/1" for ::1 at 2024-07-10 08:54:09 -0600
Processing by AuthorsController#show as HTML
  Parameters: {"id"=>"1"}
  [1m[36mAuthor Load (181.7ms)[0m  [1m[34mSELECT "authors".* FROM "authors" WHERE "authors"."id" = $1 LIMIT $2[0m  [["id", 1], ["LIMIT", 1]]
  ↳ app/controllers/authors_controller.rb:7:in `show'
  Rendering layout layouts/application.html.erb
  Rendering authors/show.html.erb within layouts/application
  [1m[36mBook Exists? (57.6ms)[0m  [1m[34mSELECT 1 AS one FROM "books" WHERE "books"."author_id" = $1 LIMIT $2[0m  [["author_id", 1], ["LIMIT", 1]]
  ↳ app/views/authors/show.html.erb:12
  [1m[36mBook Load (33.6ms)[0m  [1m[34mSELECT "books".* FROM "books" WHERE "books"."author_id" = $1[0m  [["author_id", 1]]
  ↳ app/views/authors/show.html.erb:15
  [1m[36mBook Count (32.9ms)[0m  [1m[34mSELECT COUNT(*) FROM "books" WHERE "books"."author_id" = $1[0m  [["author_id", 1]]
  ↳ app/views/authors/show.html.erb:24
  Rendered authors/show.html.erb within layouts/application (Duration: 130.8ms | Allocations: 1622)
  Rendered layout layouts/application.html.erb (Duration: 135.2ms | Allocations: 3024)
Completed 200 OK in 362ms (Views: 12.0ms | ActiveRecord: 305.6ms | Allocations: 3721)


Started GET "/authors/1" for ::1 at 2024-07-10 08:55:17 -0600
  [1m[36mActiveRecord::SchemaMigration Load (2.1ms)[0m  [1m[34mSELECT "schema_migrations"."version" FROM "schema_migrations" ORDER BY "schema_migrations"."version" ASC[0m
Processing by AuthorsController#show as HTML
  Parameters: {"id"=>"1"}
  [1m[36mAuthor Load (0.3ms)[0m  [1m[34mSELECT "authors".* FROM "authors" WHERE "authors"."id" = $1 LIMIT $2[0m  [["id", 1], ["LIMIT", 1]]
  ↳ app/controllers/authors_controller.rb:7:in `show'
  Rendering layout layouts/application.html.erb
  Rendering authors/show.html.erb within layouts/application
  [1m[36mBook Exists? (0.4ms)[0m  [1m[34mSELECT 1 AS one FROM "books" WHERE "books"."author_id" = $1 LIMIT $2[0m  [["author_id", 1], ["LIMIT", 1]]
  ↳ app/views/authors/show.html.erb:12
  [1m[36mBook Load (0.1ms)[0m  [1m[34mSELECT "books".* FROM "books" WHERE "books"."author_id" = $1[0m  [["author_id", 1]]
  ↳ app/views/authors/show.html.erb:15
  [1m[36mBook Count (0.4ms)[0m  [1m[34mSELECT COUNT(*) FROM "books" WHERE "books"."author_id" = $1[0m  [["author_id", 1]]
  ↳ app/views/authors/show.html.erb:24
  Rendered authors/show.html.erb within layouts/application (Duration: 8.7ms | Allocations: 12349)
  Rendered layout layouts/application.html.erb (Duration: 32.4ms | Allocations: 46431)
Completed 200 OK in 87ms (Views: 32.3ms | ActiveRecord: 28.8ms | Allocations: 74378)


Started GET "/authors/1" for ::1 at 2024-07-10 08:55:19 -0600
Processing by AuthorsController#show as HTML
  Parameters: {"id"=>"1"}
  [1m[36mAuthor Load (0.5ms)[0m  [1m[34mSELECT "authors".* FROM "authors" WHERE "authors"."id" = $1 LIMIT $2[0m  [["id", 1], ["LIMIT", 1]]
  ↳ app/controllers/authors_controller.rb:7:in `show'
  Rendering layout layouts/application.html.erb
  Rendering authors/show.html.erb within layouts/application
  [1m[36mBook Exists? (0.6ms)[0m  [1m[34mSELECT 1 AS one FROM "books" WHERE "books"."author_id" = $1 LIMIT $2[0m  [["author_id", 1], ["LIMIT", 1]]
  ↳ app/views/authors/show.html.erb:12
  [1m[36mBook Load (0.3ms)[0m  [1m[34mSELECT "books".* FROM "books" WHERE "books"."author_id" = $1[0m  [["author_id", 1]]
  ↳ app/views/authors/show.html.erb:15
  [1m[36mBook Count (0.3ms)[0m  [1m[34mSELECT COUNT(*) FROM "books" WHERE "books"."author_id" = $1[0m  [["author_id", 1]]
  ↳ app/views/authors/show.html.erb:24
  Rendered authors/show.html.erb within layouts/application (Duration: 6.8ms | Allocations: 1621)
  Rendered layout layouts/application.html.erb (Duration: 9.0ms | Allocations: 3015)
Completed 200 OK in 16ms (Views: 10.1ms | ActiveRecord: 1.6ms | Allocations: 3730)


Started GET "/authors" for ::1 at 2024-07-10 08:55:27 -0600
Processing by AuthorsController#index as HTML
  Rendering layout layouts/application.html.erb
  Rendering authors/index.html.erb within layouts/application
  [1m[36mAuthor Load (0.6ms)[0m  [1m[34mSELECT "authors".* FROM "authors"[0m
  ↳ app/views/authors/index.html.erb:8
  Rendered authors/index.html.erb within layouts/application (Duration: 6.8ms | Allocations: 2317)
  Rendered layout layouts/application.html.erb (Duration: 7.0ms | Allocations: 2408)
Completed 500 Internal Server Error in 11ms (ActiveRecord: 0.6ms | Allocations: 2745)


  
ActionView::Template::Error (undefined local variable or method `author' for #<ActionView::Base:0x0000000000ccb0>):
    13:     <li>Updated at: <%= author.updated_at %></li>
    14:   <% end %>
    15: </ul>
    16: <%= link_to "View Books", author_books_path(author) %>
  
app/views/authors/index.html.erb:16
Started GET "/authors" for ::1 at 2024-07-10 08:56:14 -0600
  [1m[36mActiveRecord::SchemaMigration Load (1.1ms)[0m  [1m[34mSELECT "schema_migrations"."version" FROM "schema_migrations" ORDER BY "schema_migrations"."version" ASC[0m
Processing by AuthorsController#index as HTML
  Rendering layout layouts/application.html.erb
  Rendering authors/index.html.erb within layouts/application
  [1m[36mAuthor Load (0.4ms)[0m  [1m[34mSELECT "authors".* FROM "authors"[0m
  ↳ app/views/authors/index.html.erb:8
  Rendered authors/index.html.erb within layouts/application (Duration: 30.2ms | Allocations: 13627)
  Rendered layout layouts/application.html.erb (Duration: 58.9ms | Allocations: 47715)
Completed 200 OK in 73ms (Views: 52.0ms | ActiveRecord: 8.7ms | Allocations: 58733)


Started GET "/authors/2/books" for ::1 at 2024-07-10 08:56:16 -0600
Processing by BooksController#index as HTML
  Parameters: {"author_id"=>"2"}
  Rendering layout layouts/application.html.erb
  Rendering books/index.html.erb within layouts/application
  [1m[36mBook Load (1.8ms)[0m  [1m[34mSELECT "books".* FROM "books"[0m
  ↳ app/views/books/index.html.erb:8
  Rendered books/index.html.erb within layouts/application (Duration: 14.3ms | Allocations: 8681)
  Rendered layout layouts/application.html.erb (Duration: 16.3ms | Allocations: 10093)
Completed 200 OK in 24ms (Views: 11.7ms | ActiveRecord: 5.7ms | Allocations: 11519)


Started GET "/authors/2/books" for ::1 at 2024-07-10 08:56:39 -0600
  [1m[36mActiveRecord::SchemaMigration Load (0.7ms)[0m  [1m[34mSELECT "schema_migrations"."version" FROM "schema_migrations" ORDER BY "schema_migrations"."version" ASC[0m
Processing by BooksController#index as HTML
  Parameters: {"author_id"=>"2"}
  Rendering layout layouts/application.html.erb
  Rendering books/index.html.erb within layouts/application
  [1m[36mBook Load (0.7ms)[0m  [1m[34mSELECT "books".* FROM "books"[0m
  ↳ app/views/books/index.html.erb:8
  Rendered books/index.html.erb within layouts/application (Duration: 32.3ms | Allocations: 15881)
  Rendered layout layouts/application.html.erb (Duration: 58.8ms | Allocations: 50125)
Completed 200 OK in 75ms (Views: 51.7ms | ActiveRecord: 9.9ms | Allocations: 61119)


Started GET "/authors/2/books" for ::1 at 2024-07-10 08:56:40 -0600
Processing by BooksController#index as HTML
  Parameters: {"author_id"=>"2"}
  Rendering layout layouts/application.html.erb
  Rendering books/index.html.erb within layouts/application
  [1m[36mBook Load (0.8ms)[0m  [1m[34mSELECT "books".* FROM "books"[0m
  ↳ app/views/books/index.html.erb:8
  Rendered books/index.html.erb within layouts/application (Duration: 4.1ms | Allocations: 563)
  Rendered layout layouts/application.html.erb (Duration: 6.7ms | Allocations: 1976)
Completed 200 OK in 11ms (Views: 7.5ms | ActiveRecord: 0.8ms | Allocations: 2234)


Started GET "/authors" for ::1 at 2024-07-10 08:56:45 -0600
Processing by AuthorsController#index as HTML
  Rendering layout layouts/application.html.erb
  Rendering authors/index.html.erb within layouts/application
  [1m[36mAuthor Load (1.3ms)[0m  [1m[34mSELECT "authors".* FROM "authors"[0m
  ↳ app/views/authors/index.html.erb:8
  Rendered authors/index.html.erb within layouts/application (Duration: 14.9ms | Allocations: 7736)
  Rendered layout layouts/application.html.erb (Duration: 15.0ms | Allocations: 7827)
Completed 500 Internal Server Error in 27ms (ActiveRecord: 4.9ms | Allocations: 9248)


  
ActionView::Template::Error (No route matches {:action=>"index", :author_id=>nil, :controller=>"books"}, missing required keys: [:author_id]):
    11:     <li>Age: <%= author.age %></li>
    12:     <li>Created at: <%= author.created_at %></li>
    13:     <li>Updated at: <%= author.updated_at %></li>
    14:     <%= link_to "View Books", author_books_path(@author) %>
    15:   <% end %>
    16: </ul>
  
app/views/authors/index.html.erb:14
app/views/authors/index.html.erb:8
Started GET "/authors" for ::1 at 2024-07-10 09:17:42 -0600
  [1m[36mActiveRecord::SchemaMigration Load (2.2ms)[0m  [1m[34mSELECT "schema_migrations"."version" FROM "schema_migrations" ORDER BY "schema_migrations"."version" ASC[0m
Processing by AuthorsController#index as HTML
  Rendering layout layouts/application.html.erb
  Rendering authors/index.html.erb within layouts/application
  Rendered authors/index.html.erb within layouts/application (Duration: 1.6ms | Allocations: 1925)
  Rendered layout layouts/application.html.erb (Duration: 1.7ms | Allocations: 2051)
Completed 500 Internal Server Error in 67ms (ActiveRecord: 0.0ms | Allocations: 13027)


  
ActionView::Template::Error (undefined method `name' for nil:NilClass):
     6: </nav>
     7: 
     8: <h1>Author Details</h1>
     9: <p><strong>Name:</strong> <%= @author.name %></p>
    10: <p><strong>Deceased:</strong> <%= @author.deceased ? 'Yes' : 'No' %></p>
    11: <p><strong>Age:</strong> <%= @book.age %></p>
    12: 
  
app/views/authors/index.html.erb:9
Started GET "/authors" for ::1 at 2024-07-10 09:17:42 -0600
Processing by AuthorsController#index as HTML
  Rendering layout layouts/application.html.erb
  Rendering authors/index.html.erb within layouts/application
  Rendered authors/index.html.erb within layouts/application (Duration: 0.2ms | Allocations: 1037)
  Rendered layout layouts/application.html.erb (Duration: 0.3ms | Allocations: 1128)
Completed 500 Internal Server Error in 1ms (ActiveRecord: 0.0ms | Allocations: 1369)


  
ActionView::Template::Error (undefined method `name' for nil:NilClass):
     6: </nav>
     7: 
     8: <h1>Author Details</h1>
     9: <p><strong>Name:</strong> <%= @author.name %></p>
    10: <p><strong>Deceased:</strong> <%= @author.deceased ? 'Yes' : 'No' %></p>
    11: <p><strong>Age:</strong> <%= @book.age %></p>
    12: 
  
app/views/authors/index.html.erb:9
Started GET "/authors" for ::1 at 2024-07-10 09:17:45 -0600
Processing by AuthorsController#index as HTML
  Rendering layout layouts/application.html.erb
  Rendering authors/index.html.erb within layouts/application
  Rendered authors/index.html.erb within layouts/application (Duration: 1.1ms | Allocations: 1038)
  Rendered layout layouts/application.html.erb (Duration: 1.2ms | Allocations: 1129)
Completed 500 Internal Server Error in 3ms (ActiveRecord: 0.0ms | Allocations: 1377)


  
ActionView::Template::Error (undefined method `name' for nil:NilClass):
     6: </nav>
     7: 
     8: <h1>Author Details</h1>
     9: <p><strong>Name:</strong> <%= @author.name %></p>
    10: <p><strong>Deceased:</strong> <%= @author.deceased ? 'Yes' : 'No' %></p>
    11: <p><strong>Age:</strong> <%= @book.age %></p>
    12: 
  
app/views/authors/index.html.erb:9
Started GET "/authors" for ::1 at 2024-07-10 09:35:43 -0600
  [1m[36mActiveRecord::SchemaMigration Load (1.0ms)[0m  [1m[34mSELECT "schema_migrations"."version" FROM "schema_migrations" ORDER BY "schema_migrations"."version" ASC[0m
Processing by AuthorsController#index as HTML
  Rendering layout layouts/application.html.erb
  Rendering authors/index.html.erb within layouts/application
  [1m[36mAuthor Exists? (12.1ms)[0m  [1m[34mSELECT 1 AS one FROM "authors" LIMIT $1[0m  [["LIMIT", 1]]
  ↳ app/views/authors/index.html.erb:8
  [1m[36mAuthor Load (0.2ms)[0m  [1m[34mSELECT "authors".* FROM "authors"[0m
  ↳ app/views/authors/index.html.erb:11
  Rendered authors/index.html.erb within layouts/application (Duration: 37.1ms | Allocations: 14813)
  Rendered layout layouts/application.html.erb (Duration: 62.0ms | Allocations: 48955)
Completed 200 OK in 76ms (Views: 38.1ms | ActiveRecord: 25.7ms | Allocations: 59973)


Started GET "/authors/1" for ::1 at 2024-07-10 09:35:49 -0600
Processing by AuthorsController#show as HTML
  Parameters: {"id"=>"1"}
  [1m[36mAuthor Load (0.2ms)[0m  [1m[34mSELECT "authors".* FROM "authors" WHERE "authors"."id" = $1 LIMIT $2[0m  [["id", 1], ["LIMIT", 1]]
  ↳ app/controllers/authors_controller.rb:7:in `show'
  Rendering layout layouts/application.html.erb
  Rendering authors/show.html.erb within layouts/application
  [1m[36mBook Exists? (12.6ms)[0m  [1m[34mSELECT 1 AS one FROM "books" WHERE "books"."author_id" = $1 LIMIT $2[0m  [["author_id", 1], ["LIMIT", 1]]
  ↳ app/views/authors/show.html.erb:10
  [1m[36mBook Load (11.6ms)[0m  [1m[34mSELECT "books".* FROM "books" WHERE "books"."author_id" = $1[0m  [["author_id", 1]]
  ↳ app/views/authors/show.html.erb:13
  [1m[36mBook Count (2.5ms)[0m  [1m[34mSELECT COUNT(*) FROM "books" WHERE "books"."author_id" = $1[0m  [["author_id", 1]]
  ↳ app/views/authors/show.html.erb:22
  Rendered authors/show.html.erb within layouts/application (Duration: 40.6ms | Allocations: 11989)
  Rendered layout layouts/application.html.erb (Duration: 41.9ms | Allocations: 13399)
Completed 200 OK in 58ms (Views: 14.8ms | ActiveRecord: 28.8ms | Allocations: 17932)


Started GET "/books" for ::1 at 2024-07-10 09:35:53 -0600
Processing by BooksController#index as HTML
  Rendering layout layouts/application.html.erb
  Rendering books/index.html.erb within layouts/application
  [1m[36mBook Load (0.6ms)[0m  [1m[34mSELECT "books".* FROM "books"[0m
  ↳ app/views/books/index.html.erb:8
  Rendered books/index.html.erb within layouts/application (Duration: 2.5ms | Allocations: 844)
  Rendered layout layouts/application.html.erb (Duration: 5.1ms | Allocations: 2259)
Completed 200 OK in 8ms (Views: 5.6ms | ActiveRecord: 0.6ms | Allocations: 2726)


Started GET "/books" for ::1 at 2024-07-10 09:35:55 -0600
Processing by BooksController#index as HTML
  Rendering layout layouts/application.html.erb
  Rendering books/index.html.erb within layouts/application
  [1m[36mBook Load (0.6ms)[0m  [1m[34mSELECT "books".* FROM "books"[0m
  ↳ app/views/books/index.html.erb:8
  Rendered books/index.html.erb within layouts/application (Duration: 33.0ms | Allocations: 560)
  Rendered layout layouts/application.html.erb (Duration: 34.1ms | Allocations: 1952)
Completed 200 OK in 37ms (Views: 36.0ms | ActiveRecord: 0.6ms | Allocations: 2209)


Started GET "/authors" for ::1 at 2024-07-10 09:35:55 -0600
Processing by AuthorsController#index as HTML
  Rendering layout layouts/application.html.erb
  Rendering authors/index.html.erb within layouts/application
  [1m[36mAuthor Exists? (0.6ms)[0m  [1m[34mSELECT 1 AS one FROM "authors" LIMIT $1[0m  [["LIMIT", 1]]
  ↳ app/views/authors/index.html.erb:8
  [1m[36mAuthor Load (0.2ms)[0m  [1m[34mSELECT "authors".* FROM "authors"[0m
  ↳ app/views/authors/index.html.erb:11
  Rendered authors/index.html.erb within layouts/application (Duration: 3.9ms | Allocations: 1009)
  Rendered layout layouts/application.html.erb (Duration: 6.0ms | Allocations: 2421)
Completed 200 OK in 9ms (Views: 5.8ms | ActiveRecord: 0.8ms | Allocations: 2678)


Started GET "/authors/2/books" for ::1 at 2024-07-10 09:35:57 -0600
Processing by BooksController#index as HTML
  Parameters: {"author_id"=>"2"}
  Rendering layout layouts/application.html.erb
  Rendering books/index.html.erb within layouts/application
  [1m[36mBook Load (1.1ms)[0m  [1m[34mSELECT "books".* FROM "books"[0m
  ↳ app/views/books/index.html.erb:8
  Rendered books/index.html.erb within layouts/application (Duration: 3.8ms | Allocations: 554)
  Rendered layout layouts/application.html.erb (Duration: 7.0ms | Allocations: 1956)
Completed 200 OK in 9ms (Views: 6.6ms | ActiveRecord: 1.1ms | Allocations: 2206)


Started GET "/authors" for ::1 at 2024-07-10 09:35:58 -0600
Processing by AuthorsController#index as HTML
  Rendering layout layouts/application.html.erb
  Rendering authors/index.html.erb within layouts/application
  [1m[36mAuthor Exists? (0.7ms)[0m  [1m[34mSELECT 1 AS one FROM "authors" LIMIT $1[0m  [["LIMIT", 1]]
  ↳ app/views/authors/index.html.erb:8
  [1m[36mAuthor Load (0.2ms)[0m  [1m[34mSELECT "authors".* FROM "authors"[0m
  ↳ app/views/authors/index.html.erb:11
  Rendered authors/index.html.erb within layouts/application (Duration: 7.4ms | Allocations: 998)
  Rendered layout layouts/application.html.erb (Duration: 11.2ms | Allocations: 2388)
Completed 200 OK in 13ms (Views: 11.0ms | ActiveRecord: 0.9ms | Allocations: 2638)


Started GET "/authors" for ::1 at 2024-07-10 10:30:30 -0600
  [1m[36mActiveRecord::SchemaMigration Load (3.7ms)[0m  [1m[34mSELECT "schema_migrations"."version" FROM "schema_migrations" ORDER BY "schema_migrations"."version" ASC[0m
Processing by AuthorsController#index as HTML
  Rendering layout layouts/application.html.erb
  Rendering authors/index.html.erb within layouts/application
  [1m[36mAuthor Exists? (0.6ms)[0m  [1m[34mSELECT 1 AS one FROM "authors" LIMIT $1[0m  [["LIMIT", 1]]
  ↳ app/views/authors/index.html.erb:9
  [1m[36mAuthor Load (0.2ms)[0m  [1m[34mSELECT "authors".* FROM "authors"[0m
  ↳ app/views/authors/index.html.erb:12
  Rendered authors/index.html.erb within layouts/application (Duration: 41.5ms | Allocations: 14847)
  Rendered layout layouts/application.html.erb (Duration: 67.3ms | Allocations: 48894)
Completed 200 OK in 87ms (Views: 38.9ms | ActiveRecord: 31.1ms | Allocations: 59912)


Started GET "/authors/new" for ::1 at 2024-07-10 10:30:34 -0600
Processing by AuthorsController#new as HTML
  Rendering layout layouts/application.html.erb
  Rendering authors/new.html.erb within layouts/application
  Rendered authors/new.html.erb within layouts/application (Duration: 49.1ms | Allocations: 5088)
  Rendered layout layouts/application.html.erb (Duration: 53.5ms | Allocations: 6195)
Completed 200 OK in 74ms (Views: 60.8ms | ActiveRecord: 0.0ms | Allocations: 6497)


Started POST "/authors" for ::1 at 2024-07-10 10:30:41 -0600
Processing by AuthorsController#create as TURBO_STREAM
  Parameters: {"authenticity_token"=>"[FILTERED]", "name"=>"11", "deceased"=>"1", "age"=>"32", "commit"=>"Create Author"}
[31mUnpermitted parameters: :authenticity_token, :commit. Context: { controller: AuthorsController, action: create, request: #<ActionDispatch::Request:0x0000000108053350>, params: {"authenticity_token"=>"[FILTERED]", "name"=>"11", "deceased"=>"1", "age"=>"32", "commit"=>"Create Author", "controller"=>"authors", "action"=>"create"} }[0m
  [1m[36mTRANSACTION (79.7ms)[0m  [1m[35mBEGIN[0m
  ↳ app/controllers/authors_controller.rb:17:in `create'
  [1m[36mAuthor Create (86.2ms)[0m  [1m[32mINSERT INTO "authors" ("name", "age", "deceased", "created_at", "updated_at") VALUES ($1, $2, $3, $4, $5) RETURNING "id"[0m  [["name", "11"], ["age", 32], ["deceased", true], ["created_at", "2024-07-10 16:30:41.169455"], ["updated_at", "2024-07-10 16:30:41.169455"]]
  ↳ app/controllers/authors_controller.rb:17:in `create'
  [1m[36mTRANSACTION (2.5ms)[0m  [1m[35mCOMMIT[0m
  ↳ app/controllers/authors_controller.rb:17:in `create'
Redirected to http://localhost:3000/authors
Completed 302 Found in 96ms (ActiveRecord: 168.4ms | Allocations: 3728)


Started GET "/authors" for ::1 at 2024-07-10 10:30:41 -0600
Processing by AuthorsController#index as TURBO_STREAM
  Rendering layout layouts/application.html.erb
  Rendering authors/index.html.erb within layouts/application
  [1m[36mAuthor Exists? (0.3ms)[0m  [1m[34mSELECT 1 AS one FROM "authors" LIMIT $1[0m  [["LIMIT", 1]]
  ↳ app/views/authors/index.html.erb:9
  [1m[36mAuthor Load (0.1ms)[0m  [1m[34mSELECT "authors".* FROM "authors"[0m
  ↳ app/views/authors/index.html.erb:12
  Rendered authors/index.html.erb within layouts/application (Duration: 2.7ms | Allocations: 1082)
  Rendered layout layouts/application.html.erb (Duration: 3.9ms | Allocations: 2464)
Completed 200 OK in 4ms (Views: 3.8ms | ActiveRecord: 0.3ms | Allocations: 2760)


Started GET "/authors" for ::1 at 2024-07-10 10:49:40 -0600
Processing by AuthorsController#index as HTML
  Rendering layout layouts/application.html.erb
  Rendering authors/index.html.erb within layouts/application
  [1m[36mAuthor Exists? (452.9ms)[0m  [1m[34mSELECT 1 AS one FROM "authors" LIMIT $1[0m  [["LIMIT", 1]]
  ↳ app/views/authors/index.html.erb:9
  [1m[36mAuthor Load (19.9ms)[0m  [1m[34mSELECT "authors".* FROM "authors"[0m
  ↳ app/views/authors/index.html.erb:12
  Rendered authors/index.html.erb within layouts/application (Duration: 530.8ms | Allocations: 3859)
  Rendered layout layouts/application.html.erb (Duration: 573.4ms | Allocations: 5264)
Completed 200 OK in 594ms (Views: 67.4ms | ActiveRecord: 522.4ms | Allocations: 5522)


Started GET "/authors/3/books" for ::1 at 2024-07-10 10:49:43 -0600
Processing by BooksController#index as HTML
  Parameters: {"author_id"=>"3"}
  Rendering layout layouts/application.html.erb
  Rendering books/index.html.erb within layouts/application
  [1m[36mBook Load (2.3ms)[0m  [1m[34mSELECT "books".* FROM "books"[0m
  ↳ app/views/books/index.html.erb:8
  Rendered books/index.html.erb within layouts/application (Duration: 17.0ms | Allocations: 8829)
  Rendered layout layouts/application.html.erb (Duration: 18.0ms | Allocations: 10261)
Completed 200 OK in 23ms (Views: 7.1ms | ActiveRecord: 11.3ms | Allocations: 11687)


Started GET "/authors" for ::1 at 2024-07-10 10:49:44 -0600
Processing by AuthorsController#index as HTML
  Rendering layout layouts/application.html.erb
  Rendering authors/index.html.erb within layouts/application
  [1m[36mAuthor Exists? (25.3ms)[0m  [1m[34mSELECT 1 AS one FROM "authors" LIMIT $1[0m  [["LIMIT", 1]]
  ↳ app/views/authors/index.html.erb:9
  [1m[36mAuthor Load (0.6ms)[0m  [1m[34mSELECT "authors".* FROM "authors"[0m
  ↳ app/views/authors/index.html.erb:12
  Rendered authors/index.html.erb within layouts/application (Duration: 36.2ms | Allocations: 1080)
  Rendered layout layouts/application.html.erb (Duration: 41.2ms | Allocations: 2467)
Completed 200 OK in 43ms (Views: 16.2ms | ActiveRecord: 25.7ms | Allocations: 2718)


Started GET "/authors/2/books" for ::1 at 2024-07-10 10:49:46 -0600
Processing by BooksController#index as HTML
  Parameters: {"author_id"=>"2"}
  Rendering layout layouts/application.html.erb
  Rendering books/index.html.erb within layouts/application
  [1m[36mBook Load (0.6ms)[0m  [1m[34mSELECT "books".* FROM "books"[0m
  ↳ app/views/books/index.html.erb:8
  Rendered books/index.html.erb within layouts/application (Duration: 2.0ms | Allocations: 561)
  Rendered layout layouts/application.html.erb (Duration: 4.2ms | Allocations: 1963)
Completed 200 OK in 5ms (Views: 4.0ms | ActiveRecord: 0.6ms | Allocations: 2218)


Started GET "/authors/1/books" for ::1 at 2024-07-10 10:49:51 -0600
Processing by BooksController#index as HTML
  Parameters: {"author_id"=>"1"}
  Rendering layout layouts/application.html.erb
  Rendering books/index.html.erb within layouts/application
  [1m[36mBook Load (0.6ms)[0m  [1m[34mSELECT "books".* FROM "books"[0m
  ↳ app/views/books/index.html.erb:8
  Rendered books/index.html.erb within layouts/application (Duration: 2.4ms | Allocations: 554)
  Rendered layout layouts/application.html.erb (Duration: 8.2ms | Allocations: 1947)
Completed 200 OK in 10ms (Views: 8.6ms | ActiveRecord: 0.5ms | Allocations: 2197)


Started GET "/authors" for ::1 at 2024-07-10 11:09:49 -0600
Processing by AuthorsController#index as HTML
  Rendering layout layouts/application.html.erb
  Rendering authors/index.html.erb within layouts/application
  [1m[36mAuthor Exists? (83.0ms)[0m  [1m[34mSELECT 1 AS one FROM "authors" LIMIT $1[0m  [["LIMIT", 1]]
  ↳ app/views/authors/index.html.erb:9
  [1m[36mAuthor Load (1.0ms)[0m  [1m[34mSELECT "authors".* FROM "authors"[0m
  ↳ app/views/authors/index.html.erb:12
  Rendered authors/index.html.erb within layouts/application (Duration: 91.6ms | Allocations: 3830)
  Rendered layout layouts/application.html.erb (Duration: 99.9ms | Allocations: 5229)
Completed 200 OK in 103ms (Views: -9.5ms | ActiveRecord: 110.9ms | Allocations: 5479)


Started GET "/books" for ::1 at 2024-07-10 11:09:49 -0600
Processing by BooksController#index as HTML
  Rendering layout layouts/application.html.erb
  Rendering books/index.html.erb within layouts/application
  [1m[36mBook Load (1.0ms)[0m  [1m[34mSELECT "books".* FROM "books"[0m
  ↳ app/views/books/index.html.erb:8
  Rendered books/index.html.erb within layouts/application (Duration: 3.5ms | Allocations: 554)
  Rendered layout layouts/application.html.erb (Duration: 8.5ms | Allocations: 1951)
Completed 200 OK in 11ms (Views: 8.4ms | ActiveRecord: 1.0ms | Allocations: 2201)


Started GET "/books" for ::1 at 2024-07-10 11:09:51 -0600
Processing by BooksController#index as HTML
  Rendering layout layouts/application.html.erb
  Rendering books/index.html.erb within layouts/application
  [1m[36mBook Load (0.7ms)[0m  [1m[34mSELECT "books".* FROM "books"[0m
  ↳ app/views/books/index.html.erb:8
  Rendered books/index.html.erb within layouts/application (Duration: 3.2ms | Allocations: 554)
  Rendered layout layouts/application.html.erb (Duration: 5.8ms | Allocations: 1947)
Completed 200 OK in 9ms (Views: 6.2ms | ActiveRecord: 0.7ms | Allocations: 2197)


Started GET "/authors" for ::1 at 2024-07-10 11:09:52 -0600
Processing by AuthorsController#index as HTML
  Rendering layout layouts/application.html.erb
  Rendering authors/index.html.erb within layouts/application
  [1m[36mAuthor Exists? (0.9ms)[0m  [1m[34mSELECT 1 AS one FROM "authors" LIMIT $1[0m  [["LIMIT", 1]]
  ↳ app/views/authors/index.html.erb:9
  [1m[36mAuthor Load (0.3ms)[0m  [1m[34mSELECT "authors".* FROM "authors"[0m
  ↳ app/views/authors/index.html.erb:12
  Rendered authors/index.html.erb within layouts/application (Duration: 6.3ms | Allocations: 1078)
  Rendered layout layouts/application.html.erb (Duration: 8.6ms | Allocations: 2498)
Completed 200 OK in 11ms (Views: 9.1ms | ActiveRecord: 1.2ms | Allocations: 2748)


Started GET "/books" for ::1 at 2024-07-10 11:09:52 -0600
Processing by BooksController#index as HTML
  Rendering layout layouts/application.html.erb
  Rendering books/index.html.erb within layouts/application
  [1m[36mBook Load (0.6ms)[0m  [1m[34mSELECT "books".* FROM "books"[0m
  ↳ app/views/books/index.html.erb:8
  Rendered books/index.html.erb within layouts/application (Duration: 3.0ms | Allocations: 554)
  Rendered layout layouts/application.html.erb (Duration: 6.3ms | Allocations: 1932)
Completed 200 OK in 8ms (Views: 6.1ms | ActiveRecord: 0.6ms | Allocations: 2182)


Started GET "/authors" for ::1 at 2024-07-10 11:09:53 -0600
Processing by AuthorsController#index as HTML
  Rendering layout layouts/application.html.erb
  Rendering authors/index.html.erb within layouts/application
  [1m[36mAuthor Exists? (0.5ms)[0m  [1m[34mSELECT 1 AS one FROM "authors" LIMIT $1[0m  [["LIMIT", 1]]
  ↳ app/views/authors/index.html.erb:9
  [1m[36mAuthor Load (0.2ms)[0m  [1m[34mSELECT "authors".* FROM "authors"[0m
  ↳ app/views/authors/index.html.erb:12
  Rendered authors/index.html.erb within layouts/application (Duration: 3.7ms | Allocations: 1078)
  Rendered layout layouts/application.html.erb (Duration: 6.5ms | Allocations: 2495)
Completed 200 OK in 8ms (Views: 6.4ms | ActiveRecord: 0.7ms | Allocations: 2745)


Started GET "/books" for ::1 at 2024-07-10 11:09:54 -0600
Processing by BooksController#index as HTML
  Rendering layout layouts/application.html.erb
  Rendering books/index.html.erb within layouts/application
  [1m[36mBook Load (0.7ms)[0m  [1m[34mSELECT "books".* FROM "books"[0m
  ↳ app/views/books/index.html.erb:8
  Rendered books/index.html.erb within layouts/application (Duration: 3.0ms | Allocations: 554)
  Rendered layout layouts/application.html.erb (Duration: 8.0ms | Allocations: 1944)
Completed 200 OK in 10ms (Views: 8.0ms | ActiveRecord: 0.7ms | Allocations: 2194)


Started GET "/authors" for ::1 at 2024-07-10 11:09:55 -0600
Processing by AuthorsController#index as HTML
  Rendering layout layouts/application.html.erb
  Rendering authors/index.html.erb within layouts/application
  [1m[36mAuthor Exists? (0.8ms)[0m  [1m[34mSELECT 1 AS one FROM "authors" LIMIT $1[0m  [["LIMIT", 1]]
  ↳ app/views/authors/index.html.erb:9
  [1m[36mAuthor Load (0.2ms)[0m  [1m[34mSELECT "authors".* FROM "authors"[0m
  ↳ app/views/authors/index.html.erb:12
  Rendered authors/index.html.erb within layouts/application (Duration: 4.8ms | Allocations: 1078)
  Rendered layout layouts/application.html.erb (Duration: 8.4ms | Allocations: 2480)
Completed 200 OK in 10ms (Views: 8.5ms | ActiveRecord: 1.0ms | Allocations: 2730)


Started GET "/authors/new" for ::1 at 2024-07-10 11:09:56 -0600
Processing by AuthorsController#new as HTML
  Rendering layout layouts/application.html.erb
  Rendering authors/new.html.erb within layouts/application
  Rendered authors/new.html.erb within layouts/application (Duration: 5.3ms | Allocations: 3303)
  Rendered layout layouts/application.html.erb (Duration: 7.6ms | Allocations: 4410)
Completed 200 OK in 9ms (Views: 8.3ms | ActiveRecord: 0.0ms | Allocations: 4648)


Started GET "/authors/3/books" for ::1 at 2024-07-10 11:09:59 -0600
Processing by BooksController#index as HTML
  Parameters: {"author_id"=>"3"}
  Rendering layout layouts/application.html.erb
  Rendering books/index.html.erb within layouts/application
  [1m[36mBook Load (0.7ms)[0m  [1m[34mSELECT "books".* FROM "books"[0m
  ↳ app/views/books/index.html.erb:8
  Rendered books/index.html.erb within layouts/application (Duration: 2.8ms | Allocations: 554)
  Rendered layout layouts/application.html.erb (Duration: 7.0ms | Allocations: 1959)
Completed 200 OK in 9ms (Views: 7.2ms | ActiveRecord: 0.6ms | Allocations: 2209)


Started GET "/authors/1/books" for ::1 at 2024-07-10 11:10:02 -0600
Processing by BooksController#index as HTML
  Parameters: {"author_id"=>"1"}
  Rendering layout layouts/application.html.erb
  Rendering books/index.html.erb within layouts/application
  [1m[36mBook Load (11.2ms)[0m  [1m[34mSELECT "books".* FROM "books"[0m
  ↳ app/views/books/index.html.erb:8
  Rendered books/index.html.erb within layouts/application (Duration: 13.3ms | Allocations: 554)
  Rendered layout layouts/application.html.erb (Duration: 17.4ms | Allocations: 1950)
Completed 200 OK in 20ms (Views: 7.6ms | ActiveRecord: 11.2ms | Allocations: 2200)


Started GET "/books" for ::1 at 2024-07-10 11:13:08 -0600
Processing by BooksController#index as HTML
  Rendering layout layouts/application.html.erb
  Rendering books/index.html.erb within layouts/application
  [1m[36mBook Load (0.9ms)[0m  [1m[34mSELECT "books".* FROM "books"[0m
  ↳ app/views/books/index.html.erb:8
  Rendered books/index.html.erb within layouts/application (Duration: 3.6ms | Allocations: 554)
  Rendered layout layouts/application.html.erb (Duration: 7.2ms | Allocations: 1932)
Completed 200 OK in 9ms (Views: 7.1ms | ActiveRecord: 0.9ms | Allocations: 2182)


Started GET "/authors" for ::1 at 2024-07-10 11:13:09 -0600
Processing by AuthorsController#index as HTML
  Rendering layout layouts/application.html.erb
  Rendering authors/index.html.erb within layouts/application
  [1m[36mAuthor Exists? (0.8ms)[0m  [1m[34mSELECT 1 AS one FROM "authors" LIMIT $1[0m  [["LIMIT", 1]]
  ↳ app/views/authors/index.html.erb:9
  [1m[36mAuthor Load (0.3ms)[0m  [1m[34mSELECT "authors".* FROM "authors"[0m
  ↳ app/views/authors/index.html.erb:12
  Rendered authors/index.html.erb within layouts/application (Duration: 6.1ms | Allocations: 1078)
  Rendered layout layouts/application.html.erb (Duration: 12.3ms | Allocations: 2468)
Completed 200 OK in 16ms (Views: 12.3ms | ActiveRecord: 1.1ms | Allocations: 2718)


Started GET "/authors" for ::1 at 2024-07-10 11:13:10 -0600
Processing by AuthorsController#index as HTML
  Rendering layout layouts/application.html.erb
  Rendering authors/index.html.erb within layouts/application
  [1m[36mAuthor Exists? (0.6ms)[0m  [1m[34mSELECT 1 AS one FROM "authors" LIMIT $1[0m  [["LIMIT", 1]]
  ↳ app/views/authors/index.html.erb:9
  [1m[36mAuthor Load (0.2ms)[0m  [1m[34mSELECT "authors".* FROM "authors"[0m
  ↳ app/views/authors/index.html.erb:12
  Rendered authors/index.html.erb within layouts/application (Duration: 3.1ms | Allocations: 1078)
  Rendered layout layouts/application.html.erb (Duration: 5.3ms | Allocations: 2483)
Completed 200 OK in 6ms (Views: 4.9ms | ActiveRecord: 0.8ms | Allocations: 2733)


Started GET "/authors/3/books" for ::1 at 2024-07-10 11:13:16 -0600
Processing by BooksController#index as HTML
  Parameters: {"author_id"=>"3"}
  Rendering layout layouts/application.html.erb
  Rendering books/index.html.erb within layouts/application
  [1m[36mBook Load (0.8ms)[0m  [1m[34mSELECT "books".* FROM "books"[0m
  ↳ app/views/books/index.html.erb:8
  Rendered books/index.html.erb within layouts/application (Duration: 3.4ms | Allocations: 554)
  Rendered layout layouts/application.html.erb (Duration: 6.3ms | Allocations: 1953)
Completed 200 OK in 9ms (Views: 6.3ms | ActiveRecord: 0.8ms | Allocations: 2203)


Started GET "/authors/2/books" for ::1 at 2024-07-10 11:13:17 -0600
Processing by BooksController#index as HTML
  Parameters: {"author_id"=>"2"}
  Rendering layout layouts/application.html.erb
  Rendering books/index.html.erb within layouts/application
  [1m[36mBook Load (0.5ms)[0m  [1m[34mSELECT "books".* FROM "books"[0m
  ↳ app/views/books/index.html.erb:8
  Rendered books/index.html.erb within layouts/application (Duration: 2.2ms | Allocations: 554)
  Rendered layout layouts/application.html.erb (Duration: 4.8ms | Allocations: 1956)
Completed 200 OK in 6ms (Views: 5.0ms | ActiveRecord: 0.4ms | Allocations: 2206)


Started GET "/authors/new" for ::1 at 2024-07-10 11:14:30 -0600
Processing by AuthorsController#new as HTML
  Rendering layout layouts/application.html.erb
  Rendering authors/new.html.erb within layouts/application
  Rendered authors/new.html.erb within layouts/application (Duration: 4.4ms | Allocations: 3329)
  Rendered layout layouts/application.html.erb (Duration: 7.5ms | Allocations: 4436)
Completed 200 OK in 12ms (Views: 8.5ms | ActiveRecord: 0.0ms | Allocations: 4674)


Started GET "/authors" for ::1 at 2024-07-10 11:14:31 -0600
Processing by AuthorsController#index as HTML
  Rendering layout layouts/application.html.erb
  Rendering authors/index.html.erb within layouts/application
  [1m[36mAuthor Exists? (19.5ms)[0m  [1m[34mSELECT 1 AS one FROM "authors" LIMIT $1[0m  [["LIMIT", 1]]
  ↳ app/views/authors/index.html.erb:9
  [1m[36mAuthor Load (0.2ms)[0m  [1m[34mSELECT "authors".* FROM "authors"[0m
  ↳ app/views/authors/index.html.erb:12
  Rendered authors/index.html.erb within layouts/application (Duration: 24.2ms | Allocations: 1078)
  Rendered layout layouts/application.html.erb (Duration: 25.7ms | Allocations: 2465)
Completed 200 OK in 27ms (Views: 6.7ms | ActiveRecord: 19.7ms | Allocations: 2715)


Started GET "/books" for ::1 at 2024-07-10 11:14:32 -0600
Processing by BooksController#index as HTML
  Rendering layout layouts/application.html.erb
  Rendering books/index.html.erb within layouts/application
  [1m[36mBook Load (0.8ms)[0m  [1m[34mSELECT "books".* FROM "books"[0m
  ↳ app/views/books/index.html.erb:8
  Rendered books/index.html.erb within layouts/application (Duration: 5.1ms | Allocations: 554)
  Rendered layout layouts/application.html.erb (Duration: 8.0ms | Allocations: 1956)
Completed 200 OK in 10ms (Views: 7.9ms | ActiveRecord: 0.8ms | Allocations: 2206)


Started GET "/authors" for ::1 at 2024-07-10 11:14:33 -0600
Processing by AuthorsController#index as HTML
  Rendering layout layouts/application.html.erb
  Rendering authors/index.html.erb within layouts/application
  [1m[36mAuthor Exists? (0.7ms)[0m  [1m[34mSELECT 1 AS one FROM "authors" LIMIT $1[0m  [["LIMIT", 1]]
  ↳ app/views/authors/index.html.erb:9
  [1m[36mAuthor Load (0.2ms)[0m  [1m[34mSELECT "authors".* FROM "authors"[0m
  ↳ app/views/authors/index.html.erb:12
  Rendered authors/index.html.erb within layouts/application (Duration: 2.8ms | Allocations: 1078)
  Rendered layout layouts/application.html.erb (Duration: 5.0ms | Allocations: 2477)
Completed 200 OK in 6ms (Views: 4.7ms | ActiveRecord: 0.9ms | Allocations: 2727)


Started GET "/books" for ::1 at 2024-07-10 11:14:33 -0600
Processing by BooksController#index as HTML
  Rendering layout layouts/application.html.erb
  Rendering books/index.html.erb within layouts/application
  [1m[36mBook Load (0.5ms)[0m  [1m[34mSELECT "books".* FROM "books"[0m
  ↳ app/views/books/index.html.erb:8
  Rendered books/index.html.erb within layouts/application (Duration: 1.7ms | Allocations: 554)
  Rendered layout layouts/application.html.erb (Duration: 3.8ms | Allocations: 1947)
Completed 200 OK in 5ms (Views: 3.8ms | ActiveRecord: 0.5ms | Allocations: 2197)


Started GET "/authors/new" for ::1 at 2024-07-10 11:14:34 -0600
Processing by AuthorsController#new as HTML
  Rendering layout layouts/application.html.erb
  Rendering authors/new.html.erb within layouts/application
  Rendered authors/new.html.erb within layouts/application (Duration: 2.8ms | Allocations: 3311)
  Rendered layout layouts/application.html.erb (Duration: 6.2ms | Allocations: 4418)
Completed 200 OK in 8ms (Views: 6.9ms | ActiveRecord: 0.0ms | Allocations: 4656)


Started GET "/authors" for ::1 at 2024-07-10 11:19:57 -0600
Processing by AuthorsController#index as HTML
  Rendering layout layouts/application.html.erb
  Rendering authors/index.html.erb within layouts/application
  [1m[36mAuthor Exists? (45.9ms)[0m  [1m[34mSELECT 1 AS one FROM "authors" LIMIT $1[0m  [["LIMIT", 1]]
  ↳ app/views/authors/index.html.erb:9
  [1m[36mAuthor Load (1.0ms)[0m  [1m[34mSELECT "authors".* FROM "authors"[0m
  ↳ app/views/authors/index.html.erb:12
  Rendered authors/index.html.erb within layouts/application (Duration: 72.2ms | Allocations: 1078)
  Rendered layout layouts/application.html.erb (Duration: 78.5ms | Allocations: 2473)
Completed 200 OK in 81ms (Views: 32.5ms | ActiveRecord: 46.9ms | Allocations: 2725)


Started GET "/authors" for ::1 at 2024-07-10 11:37:27 -0600
  [1m[36mActiveRecord::SchemaMigration Load (6.6ms)[0m  [1m[34mSELECT "schema_migrations"."version" FROM "schema_migrations" ORDER BY "schema_migrations"."version" ASC[0m
Processing by AuthorsController#index as HTML
  Rendering layout layouts/application.html.erb
  Rendering authors/index.html.erb within layouts/application
  [1m[36mAuthor Exists? (0.4ms)[0m  [1m[34mSELECT 1 AS one FROM "authors" LIMIT $1[0m  [["LIMIT", 1]]
  ↳ app/views/authors/index.html.erb:9
  [1m[36mAuthor Load (0.1ms)[0m  [1m[34mSELECT "authors".* FROM "authors"[0m
  ↳ app/views/authors/index.html.erb:12
  Rendered authors/index.html.erb within layouts/application (Duration: 27.3ms | Allocations: 14912)
  Rendered layout layouts/application.html.erb (Duration: 64.4ms | Allocations: 49175)
Completed 200 OK in 80ms (Views: 50.1ms | ActiveRecord: 16.2ms | Allocations: 60194)


Started GET "/authors" for ::1 at 2024-07-10 11:39:50 -0600
Processing by AuthorsController#index as HTML
  Rendering layout layouts/application.html.erb
  Rendering authors/index.html.erb within layouts/application
  [1m[36mAuthor Exists? (363.7ms)[0m  [1m[34mSELECT 1 AS one FROM "authors" LIMIT $1[0m  [["LIMIT", 1]]
  ↳ app/views/authors/index.html.erb:9
  [1m[36mAuthor Load (1.9ms)[0m  [1m[34mSELECT "authors".* FROM "authors"[0m
  ↳ app/views/authors/index.html.erb:12
  Rendered authors/index.html.erb within layouts/application (Duration: 385.7ms | Allocations: 1090)
  Rendered layout layouts/application.html.erb (Duration: 398.6ms | Allocations: 2491)
Completed 200 OK in 403ms (Views: 34.9ms | ActiveRecord: 365.5ms | Allocations: 2750)


Started GET "/authors/new" for ::1 at 2024-07-10 11:39:53 -0600
Processing by AuthorsController#new as HTML
  Rendering layout layouts/application.html.erb
  Rendering authors/new.html.erb within layouts/application
  Rendered authors/new.html.erb within layouts/application (Duration: 76.0ms | Allocations: 7808)
  Rendered layout layouts/application.html.erb (Duration: 77.7ms | Allocations: 8916)
Completed 200 OK in 80ms (Views: 78.4ms | ActiveRecord: 0.0ms | Allocations: 9217)


Started GET "/authors/new" for ::1 at 2024-07-10 11:40:20 -0600
Processing by AuthorsController#new as HTML
  Rendering layout layouts/application.html.erb
  Rendering authors/new.html.erb within layouts/application
  Rendered authors/new.html.erb within layouts/application (Duration: 8.8ms | Allocations: 3306)
  Rendered layout layouts/application.html.erb (Duration: 27.5ms | Allocations: 4413)
Completed 200 OK in 35ms (Views: 32.1ms | ActiveRecord: 0.0ms | Allocations: 4653)


Started GET "/authors/new" for ::1 at 2024-07-10 11:40:21 -0600
Processing by AuthorsController#new as HTML
  Rendering layout layouts/application.html.erb
  Rendering authors/new.html.erb within layouts/application
  Rendered authors/new.html.erb within layouts/application (Duration: 19.5ms | Allocations: 3306)
  Rendered layout layouts/application.html.erb (Duration: 25.6ms | Allocations: 4413)
Completed 200 OK in 26ms (Views: 26.0ms | ActiveRecord: 0.0ms | Allocations: 4653)


Started POST "/authors" for ::1 at 2024-07-10 11:40:31 -0600
Processing by AuthorsController#create as TURBO_STREAM
  Parameters: {"authenticity_token"=>"[FILTERED]", "name"=>"kaelin", "deceased"=>"1", "age"=>"33", "commit"=>"Create Author"}
[31mUnpermitted parameters: :authenticity_token, :commit. Context: { controller: AuthorsController, action: create, request: #<ActionDispatch::Request:0x000000010843d858>, params: {"authenticity_token"=>"[FILTERED]", "name"=>"kaelin", "deceased"=>"1", "age"=>"33", "commit"=>"Create Author", "controller"=>"authors", "action"=>"create"} }[0m
  [1m[36mTRANSACTION (65.9ms)[0m  [1m[35mBEGIN[0m
  ↳ app/controllers/authors_controller.rb:17:in `create'
  [1m[36mAuthor Create (139.4ms)[0m  [1m[32mINSERT INTO "authors" ("name", "age", "deceased", "created_at", "updated_at") VALUES ($1, $2, $3, $4, $5) RETURNING "id"[0m  [["name", "kaelin"], ["age", 33], ["deceased", true], ["created_at", "2024-07-10 17:40:31.873897"], ["updated_at", "2024-07-10 17:40:31.873897"]]
  ↳ app/controllers/authors_controller.rb:17:in `create'
  [1m[36mTRANSACTION (0.8ms)[0m  [1m[35mCOMMIT[0m
  ↳ app/controllers/authors_controller.rb:17:in `create'
Redirected to http://localhost:3000/authors
Completed 302 Found in 144ms (ActiveRecord: 206.1ms | Allocations: 3664)


Started GET "/authors" for ::1 at 2024-07-10 11:40:32 -0600
Processing by AuthorsController#index as TURBO_STREAM
  Rendering layout layouts/application.html.erb
  Rendering authors/index.html.erb within layouts/application
  [1m[36mAuthor Exists? (1.3ms)[0m  [1m[34mSELECT 1 AS one FROM "authors" LIMIT $1[0m  [["LIMIT", 1]]
  ↳ app/views/authors/index.html.erb:9
  [1m[36mAuthor Load (0.2ms)[0m  [1m[34mSELECT "authors".* FROM "authors"[0m
  ↳ app/views/authors/index.html.erb:12
  Rendered authors/index.html.erb within layouts/application (Duration: 3.0ms | Allocations: 1142)
  Rendered layout layouts/application.html.erb (Duration: 3.9ms | Allocations: 2554)
Completed 200 OK in 4ms (Views: 2.8ms | ActiveRecord: 1.4ms | Allocations: 2850)


Started GET "/authors/new" for ::1 at 2024-07-10 11:40:40 -0600
Processing by AuthorsController#new as HTML
  Rendering layout layouts/application.html.erb
  Rendering authors/new.html.erb within layouts/application
  Rendered authors/new.html.erb within layouts/application (Duration: 3.2ms | Allocations: 3336)
  Rendered layout layouts/application.html.erb (Duration: 6.6ms | Allocations: 4443)
Completed 200 OK in 8ms (Views: 7.4ms | ActiveRecord: 0.0ms | Allocations: 4681)


